ARM GAS  /tmp/ccyg6ESg.s 			page 1


   1              		.cpu cortex-m4
   2              		.eabi_attribute 27, 1
   3              		.eabi_attribute 28, 1
   4              		.eabi_attribute 20, 1
   5              		.eabi_attribute 21, 1
   6              		.eabi_attribute 23, 3
   7              		.eabi_attribute 24, 1
   8              		.eabi_attribute 25, 1
   9              		.eabi_attribute 26, 1
  10              		.eabi_attribute 30, 2
  11              		.eabi_attribute 34, 1
  12              		.eabi_attribute 18, 4
  13              		.file	"stm32f3xx_hal.c"
  14              		.text
  15              	.Ltext0:
  16              		.cfi_sections	.debug_frame
  17              		.section	.text.HAL_MspInit,"ax",%progbits
  18              		.align	1
  19              		.p2align 2,,3
  20              		.weak	HAL_MspInit
  21              		.arch armv7e-m
  22              		.syntax unified
  23              		.thumb
  24              		.thumb_func
  25              		.fpu fpv4-sp-d16
  27              	HAL_MspInit:
  28              	.LFB697:
  29              		.file 1 "Drivers/STM32F3xx_HAL_Driver/Src/stm32f3xx_hal.c"
   1:Drivers/STM32F3xx_HAL_Driver/Src/stm32f3xx_hal.c **** /**
   2:Drivers/STM32F3xx_HAL_Driver/Src/stm32f3xx_hal.c ****   ******************************************************************************
   3:Drivers/STM32F3xx_HAL_Driver/Src/stm32f3xx_hal.c ****   * @file    stm32f3xx_hal.c
   4:Drivers/STM32F3xx_HAL_Driver/Src/stm32f3xx_hal.c ****   * @author  MCD Application Team
   5:Drivers/STM32F3xx_HAL_Driver/Src/stm32f3xx_hal.c ****   * @brief   HAL module driver.
   6:Drivers/STM32F3xx_HAL_Driver/Src/stm32f3xx_hal.c ****   *          This is the common part of the HAL initialization
   7:Drivers/STM32F3xx_HAL_Driver/Src/stm32f3xx_hal.c ****   *
   8:Drivers/STM32F3xx_HAL_Driver/Src/stm32f3xx_hal.c ****   @verbatim
   9:Drivers/STM32F3xx_HAL_Driver/Src/stm32f3xx_hal.c ****   ==============================================================================
  10:Drivers/STM32F3xx_HAL_Driver/Src/stm32f3xx_hal.c ****                      ##### How to use this driver #####
  11:Drivers/STM32F3xx_HAL_Driver/Src/stm32f3xx_hal.c ****   ==============================================================================
  12:Drivers/STM32F3xx_HAL_Driver/Src/stm32f3xx_hal.c ****     [..]
  13:Drivers/STM32F3xx_HAL_Driver/Src/stm32f3xx_hal.c ****     The common HAL driver contains a set of generic and common APIs that can be
  14:Drivers/STM32F3xx_HAL_Driver/Src/stm32f3xx_hal.c ****     used by the PPP peripheral drivers and the user to start using the HAL.
  15:Drivers/STM32F3xx_HAL_Driver/Src/stm32f3xx_hal.c ****     [..]
  16:Drivers/STM32F3xx_HAL_Driver/Src/stm32f3xx_hal.c ****     The HAL contains two APIs categories:
  17:Drivers/STM32F3xx_HAL_Driver/Src/stm32f3xx_hal.c ****          (+) HAL Initialization and de-initialization functions
  18:Drivers/STM32F3xx_HAL_Driver/Src/stm32f3xx_hal.c ****          (+) HAL Control functions
  19:Drivers/STM32F3xx_HAL_Driver/Src/stm32f3xx_hal.c **** 
  20:Drivers/STM32F3xx_HAL_Driver/Src/stm32f3xx_hal.c ****   @endverbatim
  21:Drivers/STM32F3xx_HAL_Driver/Src/stm32f3xx_hal.c ****   ******************************************************************************
  22:Drivers/STM32F3xx_HAL_Driver/Src/stm32f3xx_hal.c ****   * @attention
  23:Drivers/STM32F3xx_HAL_Driver/Src/stm32f3xx_hal.c ****   *
  24:Drivers/STM32F3xx_HAL_Driver/Src/stm32f3xx_hal.c ****   * <h2><center>&copy; COPYRIGHT(c) 2016 STMicroelectronics</center></h2>
  25:Drivers/STM32F3xx_HAL_Driver/Src/stm32f3xx_hal.c ****   *
  26:Drivers/STM32F3xx_HAL_Driver/Src/stm32f3xx_hal.c ****   * Redistribution and use in source and binary forms, with or without modification,
  27:Drivers/STM32F3xx_HAL_Driver/Src/stm32f3xx_hal.c ****   * are permitted provided that the following conditions are met:
  28:Drivers/STM32F3xx_HAL_Driver/Src/stm32f3xx_hal.c ****   *   1. Redistributions of source code must retain the above copyright notice,
  29:Drivers/STM32F3xx_HAL_Driver/Src/stm32f3xx_hal.c ****   *      this list of conditions and the following disclaimer.
ARM GAS  /tmp/ccyg6ESg.s 			page 2


  30:Drivers/STM32F3xx_HAL_Driver/Src/stm32f3xx_hal.c ****   *   2. Redistributions in binary form must reproduce the above copyright notice,
  31:Drivers/STM32F3xx_HAL_Driver/Src/stm32f3xx_hal.c ****   *      this list of conditions and the following disclaimer in the documentation
  32:Drivers/STM32F3xx_HAL_Driver/Src/stm32f3xx_hal.c ****   *      and/or other materials provided with the distribution.
  33:Drivers/STM32F3xx_HAL_Driver/Src/stm32f3xx_hal.c ****   *   3. Neither the name of STMicroelectronics nor the names of its contributors
  34:Drivers/STM32F3xx_HAL_Driver/Src/stm32f3xx_hal.c ****   *      may be used to endorse or promote products derived from this software
  35:Drivers/STM32F3xx_HAL_Driver/Src/stm32f3xx_hal.c ****   *      without specific prior written permission.
  36:Drivers/STM32F3xx_HAL_Driver/Src/stm32f3xx_hal.c ****   *
  37:Drivers/STM32F3xx_HAL_Driver/Src/stm32f3xx_hal.c ****   * THIS SOFTWARE IS PROVIDED BY THE COPYRIGHT HOLDERS AND CONTRIBUTORS "AS IS"
  38:Drivers/STM32F3xx_HAL_Driver/Src/stm32f3xx_hal.c ****   * AND ANY EXPRESS OR IMPLIED WARRANTIES, INCLUDING, BUT NOT LIMITED TO, THE
  39:Drivers/STM32F3xx_HAL_Driver/Src/stm32f3xx_hal.c ****   * IMPLIED WARRANTIES OF MERCHANTABILITY AND FITNESS FOR A PARTICULAR PURPOSE ARE
  40:Drivers/STM32F3xx_HAL_Driver/Src/stm32f3xx_hal.c ****   * DISCLAIMED. IN NO EVENT SHALL THE COPYRIGHT HOLDER OR CONTRIBUTORS BE LIABLE
  41:Drivers/STM32F3xx_HAL_Driver/Src/stm32f3xx_hal.c ****   * FOR ANY DIRECT, INDIRECT, INCIDENTAL, SPECIAL, EXEMPLARY, OR CONSEQUENTIAL
  42:Drivers/STM32F3xx_HAL_Driver/Src/stm32f3xx_hal.c ****   * DAMAGES (INCLUDING, BUT NOT LIMITED TO, PROCUREMENT OF SUBSTITUTE GOODS OR
  43:Drivers/STM32F3xx_HAL_Driver/Src/stm32f3xx_hal.c ****   * SERVICES; LOSS OF USE, DATA, OR PROFITS; OR BUSINESS INTERRUPTION) HOWEVER
  44:Drivers/STM32F3xx_HAL_Driver/Src/stm32f3xx_hal.c ****   * CAUSED AND ON ANY THEORY OF LIABILITY, WHETHER IN CONTRACT, STRICT LIABILITY,
  45:Drivers/STM32F3xx_HAL_Driver/Src/stm32f3xx_hal.c ****   * OR TORT (INCLUDING NEGLIGENCE OR OTHERWISE) ARISING IN ANY WAY OUT OF THE USE
  46:Drivers/STM32F3xx_HAL_Driver/Src/stm32f3xx_hal.c ****   * OF THIS SOFTWARE, EVEN IF ADVISED OF THE POSSIBILITY OF SUCH DAMAGE.
  47:Drivers/STM32F3xx_HAL_Driver/Src/stm32f3xx_hal.c ****   *
  48:Drivers/STM32F3xx_HAL_Driver/Src/stm32f3xx_hal.c ****   ******************************************************************************  
  49:Drivers/STM32F3xx_HAL_Driver/Src/stm32f3xx_hal.c ****   */
  50:Drivers/STM32F3xx_HAL_Driver/Src/stm32f3xx_hal.c **** 
  51:Drivers/STM32F3xx_HAL_Driver/Src/stm32f3xx_hal.c **** /* Includes ------------------------------------------------------------------*/
  52:Drivers/STM32F3xx_HAL_Driver/Src/stm32f3xx_hal.c **** #include "stm32f3xx_hal.h"
  53:Drivers/STM32F3xx_HAL_Driver/Src/stm32f3xx_hal.c **** 
  54:Drivers/STM32F3xx_HAL_Driver/Src/stm32f3xx_hal.c **** /** @addtogroup STM32F3xx_HAL_Driver
  55:Drivers/STM32F3xx_HAL_Driver/Src/stm32f3xx_hal.c ****   * @{
  56:Drivers/STM32F3xx_HAL_Driver/Src/stm32f3xx_hal.c ****   */
  57:Drivers/STM32F3xx_HAL_Driver/Src/stm32f3xx_hal.c **** 
  58:Drivers/STM32F3xx_HAL_Driver/Src/stm32f3xx_hal.c **** /** @defgroup HAL HAL
  59:Drivers/STM32F3xx_HAL_Driver/Src/stm32f3xx_hal.c ****   * @brief HAL module driver.
  60:Drivers/STM32F3xx_HAL_Driver/Src/stm32f3xx_hal.c ****   * @{
  61:Drivers/STM32F3xx_HAL_Driver/Src/stm32f3xx_hal.c ****   */
  62:Drivers/STM32F3xx_HAL_Driver/Src/stm32f3xx_hal.c **** 
  63:Drivers/STM32F3xx_HAL_Driver/Src/stm32f3xx_hal.c **** #ifdef HAL_MODULE_ENABLED
  64:Drivers/STM32F3xx_HAL_Driver/Src/stm32f3xx_hal.c **** 
  65:Drivers/STM32F3xx_HAL_Driver/Src/stm32f3xx_hal.c **** /* Private typedef -----------------------------------------------------------*/
  66:Drivers/STM32F3xx_HAL_Driver/Src/stm32f3xx_hal.c **** /* Private define ------------------------------------------------------------*/
  67:Drivers/STM32F3xx_HAL_Driver/Src/stm32f3xx_hal.c **** /** @defgroup HAL_Private Constants
  68:Drivers/STM32F3xx_HAL_Driver/Src/stm32f3xx_hal.c ****   * @{
  69:Drivers/STM32F3xx_HAL_Driver/Src/stm32f3xx_hal.c ****   */
  70:Drivers/STM32F3xx_HAL_Driver/Src/stm32f3xx_hal.c **** /**
  71:Drivers/STM32F3xx_HAL_Driver/Src/stm32f3xx_hal.c ****  * @brief STM32F3xx HAL Driver version number V1.5.0
  72:Drivers/STM32F3xx_HAL_Driver/Src/stm32f3xx_hal.c ****    */
  73:Drivers/STM32F3xx_HAL_Driver/Src/stm32f3xx_hal.c **** #define __STM32F3xx_HAL_VERSION_MAIN   (0x01U) /*!< [31:24] main version */
  74:Drivers/STM32F3xx_HAL_Driver/Src/stm32f3xx_hal.c **** #define __STM32F3xx_HAL_VERSION_SUB1   (0x05U) /*!< [23:16] sub1 version */
  75:Drivers/STM32F3xx_HAL_Driver/Src/stm32f3xx_hal.c **** #define __STM32F3xx_HAL_VERSION_SUB2   (0x00U) /*!< [15:8]  sub2 version */
  76:Drivers/STM32F3xx_HAL_Driver/Src/stm32f3xx_hal.c **** #define __STM32F3xx_HAL_VERSION_RC     (0x00U) /*!< [7:0]  release candidate */
  77:Drivers/STM32F3xx_HAL_Driver/Src/stm32f3xx_hal.c **** #define __STM32F3xx_HAL_VERSION         ((__STM32F3xx_HAL_VERSION_MAIN << 24U)\
  78:Drivers/STM32F3xx_HAL_Driver/Src/stm32f3xx_hal.c ****                                         |(__STM32F3xx_HAL_VERSION_SUB1 << 16U)\
  79:Drivers/STM32F3xx_HAL_Driver/Src/stm32f3xx_hal.c ****                                         |(__STM32F3xx_HAL_VERSION_SUB2 << 8U )\
  80:Drivers/STM32F3xx_HAL_Driver/Src/stm32f3xx_hal.c ****                                         |(__STM32F3xx_HAL_VERSION_RC))
  81:Drivers/STM32F3xx_HAL_Driver/Src/stm32f3xx_hal.c **** 
  82:Drivers/STM32F3xx_HAL_Driver/Src/stm32f3xx_hal.c **** #define IDCODE_DEVID_MASK    (0x00000FFFU)
  83:Drivers/STM32F3xx_HAL_Driver/Src/stm32f3xx_hal.c **** /**
  84:Drivers/STM32F3xx_HAL_Driver/Src/stm32f3xx_hal.c ****   * @}
  85:Drivers/STM32F3xx_HAL_Driver/Src/stm32f3xx_hal.c ****   */
  86:Drivers/STM32F3xx_HAL_Driver/Src/stm32f3xx_hal.c ****   
ARM GAS  /tmp/ccyg6ESg.s 			page 3


  87:Drivers/STM32F3xx_HAL_Driver/Src/stm32f3xx_hal.c **** /* Private macro -------------------------------------------------------------*/
  88:Drivers/STM32F3xx_HAL_Driver/Src/stm32f3xx_hal.c **** /* Private variables ---------------------------------------------------------*/
  89:Drivers/STM32F3xx_HAL_Driver/Src/stm32f3xx_hal.c **** /** @defgroup HAL_Private_Variables HAL Private Variables
  90:Drivers/STM32F3xx_HAL_Driver/Src/stm32f3xx_hal.c ****   * @{
  91:Drivers/STM32F3xx_HAL_Driver/Src/stm32f3xx_hal.c ****   */
  92:Drivers/STM32F3xx_HAL_Driver/Src/stm32f3xx_hal.c **** __IO uint32_t uwTick;
  93:Drivers/STM32F3xx_HAL_Driver/Src/stm32f3xx_hal.c **** /**
  94:Drivers/STM32F3xx_HAL_Driver/Src/stm32f3xx_hal.c ****   * @}
  95:Drivers/STM32F3xx_HAL_Driver/Src/stm32f3xx_hal.c ****   */
  96:Drivers/STM32F3xx_HAL_Driver/Src/stm32f3xx_hal.c **** /* Private function prototypes -----------------------------------------------*/
  97:Drivers/STM32F3xx_HAL_Driver/Src/stm32f3xx_hal.c **** /* Exported functions ---------------------------------------------------------*/
  98:Drivers/STM32F3xx_HAL_Driver/Src/stm32f3xx_hal.c **** 
  99:Drivers/STM32F3xx_HAL_Driver/Src/stm32f3xx_hal.c **** /** @defgroup HAL_Exported_Functions HAL Exported Functions
 100:Drivers/STM32F3xx_HAL_Driver/Src/stm32f3xx_hal.c ****   * @{
 101:Drivers/STM32F3xx_HAL_Driver/Src/stm32f3xx_hal.c ****   */
 102:Drivers/STM32F3xx_HAL_Driver/Src/stm32f3xx_hal.c **** 
 103:Drivers/STM32F3xx_HAL_Driver/Src/stm32f3xx_hal.c **** /** @defgroup HAL_Exported_Functions_Group1 Initialization and de-initialization Functions 
 104:Drivers/STM32F3xx_HAL_Driver/Src/stm32f3xx_hal.c ****  *  @brief    Initialization and de-initialization functions
 105:Drivers/STM32F3xx_HAL_Driver/Src/stm32f3xx_hal.c ****  *
 106:Drivers/STM32F3xx_HAL_Driver/Src/stm32f3xx_hal.c **** @verbatim
 107:Drivers/STM32F3xx_HAL_Driver/Src/stm32f3xx_hal.c ****  ===============================================================================
 108:Drivers/STM32F3xx_HAL_Driver/Src/stm32f3xx_hal.c ****               ##### Initialization and de-initialization functions #####
 109:Drivers/STM32F3xx_HAL_Driver/Src/stm32f3xx_hal.c ****  ===============================================================================
 110:Drivers/STM32F3xx_HAL_Driver/Src/stm32f3xx_hal.c ****     [..]  This section provides functions allowing to:
 111:Drivers/STM32F3xx_HAL_Driver/Src/stm32f3xx_hal.c ****       (+) Initializes the Flash interface, the NVIC allocation and initial clock 
 112:Drivers/STM32F3xx_HAL_Driver/Src/stm32f3xx_hal.c ****           configuration. It initializes the source of time base also when timeout 
 113:Drivers/STM32F3xx_HAL_Driver/Src/stm32f3xx_hal.c ****           is needed and the backup domain when enabled.
 114:Drivers/STM32F3xx_HAL_Driver/Src/stm32f3xx_hal.c ****       (+) de-Initializes common part of the HAL.
 115:Drivers/STM32F3xx_HAL_Driver/Src/stm32f3xx_hal.c ****       (+) Configure The time base source to have 1ms time base with a dedicated 
 116:Drivers/STM32F3xx_HAL_Driver/Src/stm32f3xx_hal.c ****           Tick interrupt priority. 
 117:Drivers/STM32F3xx_HAL_Driver/Src/stm32f3xx_hal.c ****         (++) Systick timer is used by default as source of time base, but user 
 118:Drivers/STM32F3xx_HAL_Driver/Src/stm32f3xx_hal.c ****              can eventually implement his proper time base source (a general purpose 
 119:Drivers/STM32F3xx_HAL_Driver/Src/stm32f3xx_hal.c ****              timer for example or other time source), keeping in mind that Time base 
 120:Drivers/STM32F3xx_HAL_Driver/Src/stm32f3xx_hal.c ****              duration should be kept 1ms since PPP_TIMEOUT_VALUEs are defined and 
 121:Drivers/STM32F3xx_HAL_Driver/Src/stm32f3xx_hal.c ****              handled in milliseconds basis.
 122:Drivers/STM32F3xx_HAL_Driver/Src/stm32f3xx_hal.c ****         (++) Time base configuration function (HAL_InitTick ()) is called automatically 
 123:Drivers/STM32F3xx_HAL_Driver/Src/stm32f3xx_hal.c ****              at the beginning of the program after reset by HAL_Init() or at any time 
 124:Drivers/STM32F3xx_HAL_Driver/Src/stm32f3xx_hal.c ****              when clock is configured, by HAL_RCC_ClockConfig(). 
 125:Drivers/STM32F3xx_HAL_Driver/Src/stm32f3xx_hal.c ****         (++) Source of time base is configured  to generate interrupts at regular 
 126:Drivers/STM32F3xx_HAL_Driver/Src/stm32f3xx_hal.c ****              time intervals. Care must be taken if HAL_Delay() is called from a 
 127:Drivers/STM32F3xx_HAL_Driver/Src/stm32f3xx_hal.c ****              peripheral ISR process, the Tick interrupt line must have higher priority 
 128:Drivers/STM32F3xx_HAL_Driver/Src/stm32f3xx_hal.c ****             (numerically lower) than the peripheral interrupt. Otherwise the caller 
 129:Drivers/STM32F3xx_HAL_Driver/Src/stm32f3xx_hal.c ****             ISR process will be blocked. 
 130:Drivers/STM32F3xx_HAL_Driver/Src/stm32f3xx_hal.c ****        (++) functions affecting time base configurations are declared as __Weak  
 131:Drivers/STM32F3xx_HAL_Driver/Src/stm32f3xx_hal.c ****              to make  override possible  in case of other  implementations in user file.
 132:Drivers/STM32F3xx_HAL_Driver/Src/stm32f3xx_hal.c **** 
 133:Drivers/STM32F3xx_HAL_Driver/Src/stm32f3xx_hal.c **** @endverbatim
 134:Drivers/STM32F3xx_HAL_Driver/Src/stm32f3xx_hal.c ****   * @{
 135:Drivers/STM32F3xx_HAL_Driver/Src/stm32f3xx_hal.c ****   */
 136:Drivers/STM32F3xx_HAL_Driver/Src/stm32f3xx_hal.c **** 
 137:Drivers/STM32F3xx_HAL_Driver/Src/stm32f3xx_hal.c **** /**
 138:Drivers/STM32F3xx_HAL_Driver/Src/stm32f3xx_hal.c ****   * @brief  This function configures the Flash prefetch, 
 139:Drivers/STM32F3xx_HAL_Driver/Src/stm32f3xx_hal.c ****   *         Configures time base source, NVIC and Low level hardware
 140:Drivers/STM32F3xx_HAL_Driver/Src/stm32f3xx_hal.c ****   * @note   This function is called at the beginning of program after reset and before 
 141:Drivers/STM32F3xx_HAL_Driver/Src/stm32f3xx_hal.c ****   *         the clock configuration
 142:Drivers/STM32F3xx_HAL_Driver/Src/stm32f3xx_hal.c ****   *             
 143:Drivers/STM32F3xx_HAL_Driver/Src/stm32f3xx_hal.c ****   * @note   The Systick configuration is based on HSI clock, as HSI is the clock
ARM GAS  /tmp/ccyg6ESg.s 			page 4


 144:Drivers/STM32F3xx_HAL_Driver/Src/stm32f3xx_hal.c ****   *         used after a system Reset and the NVIC configuration is set to Priority group 4 
 145:Drivers/STM32F3xx_HAL_Driver/Src/stm32f3xx_hal.c ****   *            
 146:Drivers/STM32F3xx_HAL_Driver/Src/stm32f3xx_hal.c ****   * @note   The time base configuration is based on MSI clock when exting from Reset.
 147:Drivers/STM32F3xx_HAL_Driver/Src/stm32f3xx_hal.c ****   *         Once done, time base tick start incrementing.
 148:Drivers/STM32F3xx_HAL_Driver/Src/stm32f3xx_hal.c ****   *         In the default implementation,Systick is used as source of time base.
 149:Drivers/STM32F3xx_HAL_Driver/Src/stm32f3xx_hal.c ****   *       The tick variable is incremented each 1ms in its ISR.
 150:Drivers/STM32F3xx_HAL_Driver/Src/stm32f3xx_hal.c ****   * @retval HAL status
 151:Drivers/STM32F3xx_HAL_Driver/Src/stm32f3xx_hal.c ****   */
 152:Drivers/STM32F3xx_HAL_Driver/Src/stm32f3xx_hal.c **** HAL_StatusTypeDef HAL_Init(void)
 153:Drivers/STM32F3xx_HAL_Driver/Src/stm32f3xx_hal.c **** {
 154:Drivers/STM32F3xx_HAL_Driver/Src/stm32f3xx_hal.c ****   /* Configure Flash prefetch */
 155:Drivers/STM32F3xx_HAL_Driver/Src/stm32f3xx_hal.c **** #if (PREFETCH_ENABLE != 0U)
 156:Drivers/STM32F3xx_HAL_Driver/Src/stm32f3xx_hal.c ****   __HAL_FLASH_PREFETCH_BUFFER_ENABLE();
 157:Drivers/STM32F3xx_HAL_Driver/Src/stm32f3xx_hal.c **** #endif /* PREFETCH_ENABLE */
 158:Drivers/STM32F3xx_HAL_Driver/Src/stm32f3xx_hal.c **** 
 159:Drivers/STM32F3xx_HAL_Driver/Src/stm32f3xx_hal.c ****   /* Set Interrupt Group Priority */
 160:Drivers/STM32F3xx_HAL_Driver/Src/stm32f3xx_hal.c ****   HAL_NVIC_SetPriorityGrouping(NVIC_PRIORITYGROUP_4);
 161:Drivers/STM32F3xx_HAL_Driver/Src/stm32f3xx_hal.c **** 
 162:Drivers/STM32F3xx_HAL_Driver/Src/stm32f3xx_hal.c ****   /* Enable systick and configure 1ms tick (default clock after Reset is HSI) */
 163:Drivers/STM32F3xx_HAL_Driver/Src/stm32f3xx_hal.c ****   HAL_InitTick(TICK_INT_PRIORITY);
 164:Drivers/STM32F3xx_HAL_Driver/Src/stm32f3xx_hal.c **** 
 165:Drivers/STM32F3xx_HAL_Driver/Src/stm32f3xx_hal.c ****   /* Init the low level hardware */
 166:Drivers/STM32F3xx_HAL_Driver/Src/stm32f3xx_hal.c ****   HAL_MspInit();
 167:Drivers/STM32F3xx_HAL_Driver/Src/stm32f3xx_hal.c **** 
 168:Drivers/STM32F3xx_HAL_Driver/Src/stm32f3xx_hal.c ****   /* Return function status */
 169:Drivers/STM32F3xx_HAL_Driver/Src/stm32f3xx_hal.c ****   return HAL_OK;
 170:Drivers/STM32F3xx_HAL_Driver/Src/stm32f3xx_hal.c **** }
 171:Drivers/STM32F3xx_HAL_Driver/Src/stm32f3xx_hal.c **** 
 172:Drivers/STM32F3xx_HAL_Driver/Src/stm32f3xx_hal.c **** /**
 173:Drivers/STM32F3xx_HAL_Driver/Src/stm32f3xx_hal.c ****   * @brief  This function de-Initializes common part of the HAL and stops the source
 174:Drivers/STM32F3xx_HAL_Driver/Src/stm32f3xx_hal.c ****   *         of time base.
 175:Drivers/STM32F3xx_HAL_Driver/Src/stm32f3xx_hal.c ****   * @note This function is optional.
 176:Drivers/STM32F3xx_HAL_Driver/Src/stm32f3xx_hal.c ****   * @retval HAL status
 177:Drivers/STM32F3xx_HAL_Driver/Src/stm32f3xx_hal.c ****   */
 178:Drivers/STM32F3xx_HAL_Driver/Src/stm32f3xx_hal.c **** HAL_StatusTypeDef HAL_DeInit(void)
 179:Drivers/STM32F3xx_HAL_Driver/Src/stm32f3xx_hal.c **** {
 180:Drivers/STM32F3xx_HAL_Driver/Src/stm32f3xx_hal.c ****   /* Reset of all peripherals */
 181:Drivers/STM32F3xx_HAL_Driver/Src/stm32f3xx_hal.c ****   __HAL_RCC_APB1_FORCE_RESET();
 182:Drivers/STM32F3xx_HAL_Driver/Src/stm32f3xx_hal.c ****   __HAL_RCC_APB1_RELEASE_RESET();
 183:Drivers/STM32F3xx_HAL_Driver/Src/stm32f3xx_hal.c **** 
 184:Drivers/STM32F3xx_HAL_Driver/Src/stm32f3xx_hal.c ****   __HAL_RCC_APB2_FORCE_RESET();
 185:Drivers/STM32F3xx_HAL_Driver/Src/stm32f3xx_hal.c ****   __HAL_RCC_APB2_RELEASE_RESET();
 186:Drivers/STM32F3xx_HAL_Driver/Src/stm32f3xx_hal.c **** 
 187:Drivers/STM32F3xx_HAL_Driver/Src/stm32f3xx_hal.c ****   __HAL_RCC_AHB_FORCE_RESET();
 188:Drivers/STM32F3xx_HAL_Driver/Src/stm32f3xx_hal.c ****   __HAL_RCC_AHB_RELEASE_RESET();
 189:Drivers/STM32F3xx_HAL_Driver/Src/stm32f3xx_hal.c **** 
 190:Drivers/STM32F3xx_HAL_Driver/Src/stm32f3xx_hal.c ****   /* De-Init the low level hardware */
 191:Drivers/STM32F3xx_HAL_Driver/Src/stm32f3xx_hal.c ****   HAL_MspDeInit();
 192:Drivers/STM32F3xx_HAL_Driver/Src/stm32f3xx_hal.c **** 
 193:Drivers/STM32F3xx_HAL_Driver/Src/stm32f3xx_hal.c ****   /* Return function status */
 194:Drivers/STM32F3xx_HAL_Driver/Src/stm32f3xx_hal.c ****   return HAL_OK;
 195:Drivers/STM32F3xx_HAL_Driver/Src/stm32f3xx_hal.c **** }
 196:Drivers/STM32F3xx_HAL_Driver/Src/stm32f3xx_hal.c **** 
 197:Drivers/STM32F3xx_HAL_Driver/Src/stm32f3xx_hal.c **** /**
 198:Drivers/STM32F3xx_HAL_Driver/Src/stm32f3xx_hal.c ****   * @brief  Initializes the MSP.
 199:Drivers/STM32F3xx_HAL_Driver/Src/stm32f3xx_hal.c ****   * @retval None
 200:Drivers/STM32F3xx_HAL_Driver/Src/stm32f3xx_hal.c ****   */
ARM GAS  /tmp/ccyg6ESg.s 			page 5


 201:Drivers/STM32F3xx_HAL_Driver/Src/stm32f3xx_hal.c **** __weak void HAL_MspInit(void)
 202:Drivers/STM32F3xx_HAL_Driver/Src/stm32f3xx_hal.c **** {
  30              		.loc 1 202 1 view -0
  31              		.cfi_startproc
  32              		@ args = 0, pretend = 0, frame = 0
  33              		@ frame_needed = 0, uses_anonymous_args = 0
  34              		@ link register save eliminated.
 203:Drivers/STM32F3xx_HAL_Driver/Src/stm32f3xx_hal.c ****   /* NOTE : This function Should not be modified, when the callback is needed,
 204:Drivers/STM32F3xx_HAL_Driver/Src/stm32f3xx_hal.c ****             the HAL_MspInit could be implemented in the user file
 205:Drivers/STM32F3xx_HAL_Driver/Src/stm32f3xx_hal.c ****    */
 206:Drivers/STM32F3xx_HAL_Driver/Src/stm32f3xx_hal.c **** }
  35              		.loc 1 206 1 view .LVU1
  36 0000 7047     		bx	lr
  37              		.cfi_endproc
  38              	.LFE697:
  40 0002 00BF     		.section	.text.HAL_MspDeInit,"ax",%progbits
  41              		.align	1
  42              		.p2align 2,,3
  43              		.weak	HAL_MspDeInit
  44              		.syntax unified
  45              		.thumb
  46              		.thumb_func
  47              		.fpu fpv4-sp-d16
  49              	HAL_MspDeInit:
  50              	.LFB718:
  51              		.cfi_startproc
  52              		@ args = 0, pretend = 0, frame = 0
  53              		@ frame_needed = 0, uses_anonymous_args = 0
  54              		@ link register save eliminated.
  55 0000 7047     		bx	lr
  56              		.cfi_endproc
  57              	.LFE718:
  59 0002 00BF     		.section	.text.HAL_DeInit,"ax",%progbits
  60              		.align	1
  61              		.p2align 2,,3
  62              		.global	HAL_DeInit
  63              		.syntax unified
  64              		.thumb
  65              		.thumb_func
  66              		.fpu fpv4-sp-d16
  68              	HAL_DeInit:
  69              	.LFB696:
 179:Drivers/STM32F3xx_HAL_Driver/Src/stm32f3xx_hal.c ****   /* Reset of all peripherals */
  70              		.loc 1 179 1 view -0
  71              		.cfi_startproc
  72              		@ args = 0, pretend = 0, frame = 0
  73              		@ frame_needed = 0, uses_anonymous_args = 0
 181:Drivers/STM32F3xx_HAL_Driver/Src/stm32f3xx_hal.c ****   __HAL_RCC_APB1_RELEASE_RESET();
  74              		.loc 1 181 3 view .LVU3
 179:Drivers/STM32F3xx_HAL_Driver/Src/stm32f3xx_hal.c ****   /* Reset of all peripherals */
  75              		.loc 1 179 1 is_stmt 0 view .LVU4
  76 0000 10B5     		push	{r4, lr}
  77              	.LCFI0:
  78              		.cfi_def_cfa_offset 8
  79              		.cfi_offset 4, -8
  80              		.cfi_offset 14, -4
 181:Drivers/STM32F3xx_HAL_Driver/Src/stm32f3xx_hal.c ****   __HAL_RCC_APB1_RELEASE_RESET();
ARM GAS  /tmp/ccyg6ESg.s 			page 6


  81              		.loc 1 181 3 view .LVU5
  82 0002 074B     		ldr	r3, .L6
  83 0004 4FF0FF32 		mov	r2, #-1
 182:Drivers/STM32F3xx_HAL_Driver/Src/stm32f3xx_hal.c **** 
  84              		.loc 1 182 3 view .LVU6
  85 0008 0024     		movs	r4, #0
 181:Drivers/STM32F3xx_HAL_Driver/Src/stm32f3xx_hal.c ****   __HAL_RCC_APB1_RELEASE_RESET();
  86              		.loc 1 181 3 view .LVU7
  87 000a 1A61     		str	r2, [r3, #16]
 182:Drivers/STM32F3xx_HAL_Driver/Src/stm32f3xx_hal.c **** 
  88              		.loc 1 182 3 is_stmt 1 view .LVU8
  89 000c 1C61     		str	r4, [r3, #16]
 184:Drivers/STM32F3xx_HAL_Driver/Src/stm32f3xx_hal.c ****   __HAL_RCC_APB2_RELEASE_RESET();
  90              		.loc 1 184 3 view .LVU9
  91 000e DA60     		str	r2, [r3, #12]
 185:Drivers/STM32F3xx_HAL_Driver/Src/stm32f3xx_hal.c **** 
  92              		.loc 1 185 3 view .LVU10
  93 0010 DC60     		str	r4, [r3, #12]
 187:Drivers/STM32F3xx_HAL_Driver/Src/stm32f3xx_hal.c ****   __HAL_RCC_AHB_RELEASE_RESET();
  94              		.loc 1 187 3 view .LVU11
  95 0012 9A62     		str	r2, [r3, #40]
 188:Drivers/STM32F3xx_HAL_Driver/Src/stm32f3xx_hal.c **** 
  96              		.loc 1 188 3 view .LVU12
  97 0014 9C62     		str	r4, [r3, #40]
 191:Drivers/STM32F3xx_HAL_Driver/Src/stm32f3xx_hal.c **** 
  98              		.loc 1 191 3 view .LVU13
  99 0016 FFF7FEFF 		bl	HAL_MspDeInit
 100              	.LVL0:
 194:Drivers/STM32F3xx_HAL_Driver/Src/stm32f3xx_hal.c **** }
 101              		.loc 1 194 3 view .LVU14
 195:Drivers/STM32F3xx_HAL_Driver/Src/stm32f3xx_hal.c **** 
 102              		.loc 1 195 1 is_stmt 0 view .LVU15
 103 001a 2046     		mov	r0, r4
 104 001c 10BD     		pop	{r4, pc}
 105              	.L7:
 106 001e 00BF     		.align	2
 107              	.L6:
 108 0020 00100240 		.word	1073876992
 109              		.cfi_endproc
 110              	.LFE696:
 112              		.section	.text.HAL_InitTick,"ax",%progbits
 113              		.align	1
 114              		.p2align 2,,3
 115              		.weak	HAL_InitTick
 116              		.syntax unified
 117              		.thumb
 118              		.thumb_func
 119              		.fpu fpv4-sp-d16
 121              	HAL_InitTick:
 122              	.LVL1:
 123              	.LFB699:
 207:Drivers/STM32F3xx_HAL_Driver/Src/stm32f3xx_hal.c **** 
 208:Drivers/STM32F3xx_HAL_Driver/Src/stm32f3xx_hal.c **** /**
 209:Drivers/STM32F3xx_HAL_Driver/Src/stm32f3xx_hal.c ****   * @brief  DeInitializes the MSP.
 210:Drivers/STM32F3xx_HAL_Driver/Src/stm32f3xx_hal.c ****   * @retval None
 211:Drivers/STM32F3xx_HAL_Driver/Src/stm32f3xx_hal.c ****   */
 212:Drivers/STM32F3xx_HAL_Driver/Src/stm32f3xx_hal.c **** __weak void HAL_MspDeInit(void)
ARM GAS  /tmp/ccyg6ESg.s 			page 7


 213:Drivers/STM32F3xx_HAL_Driver/Src/stm32f3xx_hal.c **** {
 214:Drivers/STM32F3xx_HAL_Driver/Src/stm32f3xx_hal.c ****   /* NOTE : This function Should not be modified, when the callback is needed,
 215:Drivers/STM32F3xx_HAL_Driver/Src/stm32f3xx_hal.c ****             the HAL_MspDeInit could be implemented in the user file
 216:Drivers/STM32F3xx_HAL_Driver/Src/stm32f3xx_hal.c ****    */
 217:Drivers/STM32F3xx_HAL_Driver/Src/stm32f3xx_hal.c **** }
 218:Drivers/STM32F3xx_HAL_Driver/Src/stm32f3xx_hal.c **** 
 219:Drivers/STM32F3xx_HAL_Driver/Src/stm32f3xx_hal.c **** /**
 220:Drivers/STM32F3xx_HAL_Driver/Src/stm32f3xx_hal.c ****   * @brief  This function configures the source of the time base. 
 221:Drivers/STM32F3xx_HAL_Driver/Src/stm32f3xx_hal.c ****   *         The time source is configured  to have 1ms time base with a dedicated 
 222:Drivers/STM32F3xx_HAL_Driver/Src/stm32f3xx_hal.c ****   *         Tick interrupt priority. 
 223:Drivers/STM32F3xx_HAL_Driver/Src/stm32f3xx_hal.c ****   * @note   This function is called  automatically at the beginning of program after
 224:Drivers/STM32F3xx_HAL_Driver/Src/stm32f3xx_hal.c ****   *         reset by HAL_Init() or at any time when clock is reconfigured  by HAL_RCC_ClockConfig()
 225:Drivers/STM32F3xx_HAL_Driver/Src/stm32f3xx_hal.c ****   * @note   In the default implementation , SysTick timer is the source of time base. 
 226:Drivers/STM32F3xx_HAL_Driver/Src/stm32f3xx_hal.c ****   *         It is used to generate interrupts at regular time intervals. 
 227:Drivers/STM32F3xx_HAL_Driver/Src/stm32f3xx_hal.c ****   *         Care must be taken if HAL_Delay() is called from a peripheral ISR process, 
 228:Drivers/STM32F3xx_HAL_Driver/Src/stm32f3xx_hal.c ****   *         The the SysTick interrupt must have higher priority (numerically lower) 
 229:Drivers/STM32F3xx_HAL_Driver/Src/stm32f3xx_hal.c ****   *         than the peripheral interrupt. Otherwise the caller ISR process will be blocked.
 230:Drivers/STM32F3xx_HAL_Driver/Src/stm32f3xx_hal.c ****   *         The function is declared as __Weak  to be overwritten  in case of other
 231:Drivers/STM32F3xx_HAL_Driver/Src/stm32f3xx_hal.c ****   *         implementation  in user file.
 232:Drivers/STM32F3xx_HAL_Driver/Src/stm32f3xx_hal.c ****   * @param TickPriority Tick interrupt priority.
 233:Drivers/STM32F3xx_HAL_Driver/Src/stm32f3xx_hal.c ****   * @retval HAL status
 234:Drivers/STM32F3xx_HAL_Driver/Src/stm32f3xx_hal.c ****   */
 235:Drivers/STM32F3xx_HAL_Driver/Src/stm32f3xx_hal.c **** __weak HAL_StatusTypeDef HAL_InitTick(uint32_t TickPriority)
 236:Drivers/STM32F3xx_HAL_Driver/Src/stm32f3xx_hal.c **** {
 124              		.loc 1 236 1 is_stmt 1 view -0
 125              		.cfi_startproc
 126              		@ args = 0, pretend = 0, frame = 0
 127              		@ frame_needed = 0, uses_anonymous_args = 0
 237:Drivers/STM32F3xx_HAL_Driver/Src/stm32f3xx_hal.c ****   /*Configure the SysTick to have interrupt in 1ms time basis*/
 238:Drivers/STM32F3xx_HAL_Driver/Src/stm32f3xx_hal.c ****   HAL_SYSTICK_Config(SystemCoreClock / 1000U);
 128              		.loc 1 238 3 view .LVU17
 129 0000 084B     		ldr	r3, .L10
 130 0002 094A     		ldr	r2, .L10+4
 131 0004 1B68     		ldr	r3, [r3]
 236:Drivers/STM32F3xx_HAL_Driver/Src/stm32f3xx_hal.c ****   /*Configure the SysTick to have interrupt in 1ms time basis*/
 132              		.loc 1 236 1 is_stmt 0 view .LVU18
 133 0006 10B5     		push	{r4, lr}
 134              	.LCFI1:
 135              		.cfi_def_cfa_offset 8
 136              		.cfi_offset 4, -8
 137              		.cfi_offset 14, -4
 138              		.loc 1 238 3 view .LVU19
 139 0008 A2FB0323 		umull	r2, r3, r2, r3
 236:Drivers/STM32F3xx_HAL_Driver/Src/stm32f3xx_hal.c ****   /*Configure the SysTick to have interrupt in 1ms time basis*/
 140              		.loc 1 236 1 view .LVU20
 141 000c 0446     		mov	r4, r0
 142              		.loc 1 238 3 view .LVU21
 143 000e 9809     		lsrs	r0, r3, #6
 144              	.LVL2:
 145              		.loc 1 238 3 view .LVU22
 146 0010 FFF7FEFF 		bl	HAL_SYSTICK_Config
 147              	.LVL3:
 239:Drivers/STM32F3xx_HAL_Driver/Src/stm32f3xx_hal.c ****  
 240:Drivers/STM32F3xx_HAL_Driver/Src/stm32f3xx_hal.c ****   /*Configure the SysTick IRQ priority */
 241:Drivers/STM32F3xx_HAL_Driver/Src/stm32f3xx_hal.c ****   HAL_NVIC_SetPriority(SysTick_IRQn, TickPriority ,0U);
 148              		.loc 1 241 3 is_stmt 1 view .LVU23
 149 0014 2146     		mov	r1, r4
ARM GAS  /tmp/ccyg6ESg.s 			page 8


 150 0016 0022     		movs	r2, #0
 151 0018 4FF0FF30 		mov	r0, #-1
 152 001c FFF7FEFF 		bl	HAL_NVIC_SetPriority
 153              	.LVL4:
 242:Drivers/STM32F3xx_HAL_Driver/Src/stm32f3xx_hal.c **** 
 243:Drivers/STM32F3xx_HAL_Driver/Src/stm32f3xx_hal.c ****    /* Return function status */
 244:Drivers/STM32F3xx_HAL_Driver/Src/stm32f3xx_hal.c ****   return HAL_OK;
 154              		.loc 1 244 3 view .LVU24
 245:Drivers/STM32F3xx_HAL_Driver/Src/stm32f3xx_hal.c **** }
 155              		.loc 1 245 1 is_stmt 0 view .LVU25
 156 0020 0020     		movs	r0, #0
 157 0022 10BD     		pop	{r4, pc}
 158              	.LVL5:
 159              	.L11:
 160              		.loc 1 245 1 view .LVU26
 161              		.align	2
 162              	.L10:
 163 0024 00000000 		.word	SystemCoreClock
 164 0028 D34D6210 		.word	274877907
 165              		.cfi_endproc
 166              	.LFE699:
 168              		.section	.text.HAL_Init,"ax",%progbits
 169              		.align	1
 170              		.p2align 2,,3
 171              		.global	HAL_Init
 172              		.syntax unified
 173              		.thumb
 174              		.thumb_func
 175              		.fpu fpv4-sp-d16
 177              	HAL_Init:
 178              	.LFB695:
 153:Drivers/STM32F3xx_HAL_Driver/Src/stm32f3xx_hal.c ****   /* Configure Flash prefetch */
 179              		.loc 1 153 1 is_stmt 1 view -0
 180              		.cfi_startproc
 181              		@ args = 0, pretend = 0, frame = 0
 182              		@ frame_needed = 0, uses_anonymous_args = 0
 156:Drivers/STM32F3xx_HAL_Driver/Src/stm32f3xx_hal.c **** #endif /* PREFETCH_ENABLE */
 183              		.loc 1 156 3 view .LVU28
 184 0000 074A     		ldr	r2, .L14
 153:Drivers/STM32F3xx_HAL_Driver/Src/stm32f3xx_hal.c ****   /* Configure Flash prefetch */
 185              		.loc 1 153 1 is_stmt 0 view .LVU29
 186 0002 08B5     		push	{r3, lr}
 187              	.LCFI2:
 188              		.cfi_def_cfa_offset 8
 189              		.cfi_offset 3, -8
 190              		.cfi_offset 14, -4
 156:Drivers/STM32F3xx_HAL_Driver/Src/stm32f3xx_hal.c **** #endif /* PREFETCH_ENABLE */
 191              		.loc 1 156 3 view .LVU30
 192 0004 1368     		ldr	r3, [r2]
 193 0006 43F01003 		orr	r3, r3, #16
 194 000a 1360     		str	r3, [r2]
 160:Drivers/STM32F3xx_HAL_Driver/Src/stm32f3xx_hal.c **** 
 195              		.loc 1 160 3 is_stmt 1 view .LVU31
 196 000c 0320     		movs	r0, #3
 197 000e FFF7FEFF 		bl	HAL_NVIC_SetPriorityGrouping
 198              	.LVL6:
 163:Drivers/STM32F3xx_HAL_Driver/Src/stm32f3xx_hal.c **** 
ARM GAS  /tmp/ccyg6ESg.s 			page 9


 199              		.loc 1 163 3 view .LVU32
 200 0012 0020     		movs	r0, #0
 201 0014 FFF7FEFF 		bl	HAL_InitTick
 202              	.LVL7:
 166:Drivers/STM32F3xx_HAL_Driver/Src/stm32f3xx_hal.c **** 
 203              		.loc 1 166 3 view .LVU33
 204 0018 FFF7FEFF 		bl	HAL_MspInit
 205              	.LVL8:
 169:Drivers/STM32F3xx_HAL_Driver/Src/stm32f3xx_hal.c **** }
 206              		.loc 1 169 3 view .LVU34
 170:Drivers/STM32F3xx_HAL_Driver/Src/stm32f3xx_hal.c **** 
 207              		.loc 1 170 1 is_stmt 0 view .LVU35
 208 001c 0020     		movs	r0, #0
 209 001e 08BD     		pop	{r3, pc}
 210              	.L15:
 211              		.align	2
 212              	.L14:
 213 0020 00200240 		.word	1073881088
 214              		.cfi_endproc
 215              	.LFE695:
 217              		.section	.text.HAL_IncTick,"ax",%progbits
 218              		.align	1
 219              		.p2align 2,,3
 220              		.weak	HAL_IncTick
 221              		.syntax unified
 222              		.thumb
 223              		.thumb_func
 224              		.fpu fpv4-sp-d16
 226              	HAL_IncTick:
 227              	.LFB700:
 246:Drivers/STM32F3xx_HAL_Driver/Src/stm32f3xx_hal.c **** 
 247:Drivers/STM32F3xx_HAL_Driver/Src/stm32f3xx_hal.c **** /**
 248:Drivers/STM32F3xx_HAL_Driver/Src/stm32f3xx_hal.c ****   * @}
 249:Drivers/STM32F3xx_HAL_Driver/Src/stm32f3xx_hal.c ****   */
 250:Drivers/STM32F3xx_HAL_Driver/Src/stm32f3xx_hal.c **** 
 251:Drivers/STM32F3xx_HAL_Driver/Src/stm32f3xx_hal.c **** /** @defgroup HAL_Exported_Functions_Group2 HAL Control functions 
 252:Drivers/STM32F3xx_HAL_Driver/Src/stm32f3xx_hal.c ****  *  @brief    HAL Control functions
 253:Drivers/STM32F3xx_HAL_Driver/Src/stm32f3xx_hal.c ****  *
 254:Drivers/STM32F3xx_HAL_Driver/Src/stm32f3xx_hal.c **** @verbatim
 255:Drivers/STM32F3xx_HAL_Driver/Src/stm32f3xx_hal.c ****  ===============================================================================
 256:Drivers/STM32F3xx_HAL_Driver/Src/stm32f3xx_hal.c ****                       ##### HAL Control functions #####
 257:Drivers/STM32F3xx_HAL_Driver/Src/stm32f3xx_hal.c ****  ===============================================================================
 258:Drivers/STM32F3xx_HAL_Driver/Src/stm32f3xx_hal.c ****     [..]  This section provides functions allowing to:
 259:Drivers/STM32F3xx_HAL_Driver/Src/stm32f3xx_hal.c ****       (+) Provide a tick value in millisecond
 260:Drivers/STM32F3xx_HAL_Driver/Src/stm32f3xx_hal.c ****       (+) Provide a blocking delay in millisecond
 261:Drivers/STM32F3xx_HAL_Driver/Src/stm32f3xx_hal.c ****       (+) Suspend the time base source interrupt
 262:Drivers/STM32F3xx_HAL_Driver/Src/stm32f3xx_hal.c ****       (+) Resume the time base source interrupt
 263:Drivers/STM32F3xx_HAL_Driver/Src/stm32f3xx_hal.c ****       (+) Get the HAL API driver version
 264:Drivers/STM32F3xx_HAL_Driver/Src/stm32f3xx_hal.c ****       (+) Get the device identifier
 265:Drivers/STM32F3xx_HAL_Driver/Src/stm32f3xx_hal.c ****       (+) Get the device revision identifier
 266:Drivers/STM32F3xx_HAL_Driver/Src/stm32f3xx_hal.c ****       (+) Enable/Disable Debug module during Sleep mode
 267:Drivers/STM32F3xx_HAL_Driver/Src/stm32f3xx_hal.c ****       (+) Enable/Disable Debug module during STOP mode
 268:Drivers/STM32F3xx_HAL_Driver/Src/stm32f3xx_hal.c ****       (+) Enable/Disable Debug module during STANDBY mode
 269:Drivers/STM32F3xx_HAL_Driver/Src/stm32f3xx_hal.c ****       
 270:Drivers/STM32F3xx_HAL_Driver/Src/stm32f3xx_hal.c **** @endverbatim
 271:Drivers/STM32F3xx_HAL_Driver/Src/stm32f3xx_hal.c ****   * @{
 272:Drivers/STM32F3xx_HAL_Driver/Src/stm32f3xx_hal.c ****   */
ARM GAS  /tmp/ccyg6ESg.s 			page 10


 273:Drivers/STM32F3xx_HAL_Driver/Src/stm32f3xx_hal.c **** 
 274:Drivers/STM32F3xx_HAL_Driver/Src/stm32f3xx_hal.c **** /**
 275:Drivers/STM32F3xx_HAL_Driver/Src/stm32f3xx_hal.c ****   * @brief  This function is called to increment  a global variable "uwTick"
 276:Drivers/STM32F3xx_HAL_Driver/Src/stm32f3xx_hal.c ****   *         used as application time base.
 277:Drivers/STM32F3xx_HAL_Driver/Src/stm32f3xx_hal.c ****   * @note In the default implementation, this variable is incremented each 1ms
 278:Drivers/STM32F3xx_HAL_Driver/Src/stm32f3xx_hal.c ****   *         in Systick ISR.
 279:Drivers/STM32F3xx_HAL_Driver/Src/stm32f3xx_hal.c ****   * @note This function is declared as __weak to be overwritten in case of other 
 280:Drivers/STM32F3xx_HAL_Driver/Src/stm32f3xx_hal.c ****   *         implementations  in user file.
 281:Drivers/STM32F3xx_HAL_Driver/Src/stm32f3xx_hal.c ****   * @retval None
 282:Drivers/STM32F3xx_HAL_Driver/Src/stm32f3xx_hal.c ****   */
 283:Drivers/STM32F3xx_HAL_Driver/Src/stm32f3xx_hal.c **** __weak void HAL_IncTick(void)
 284:Drivers/STM32F3xx_HAL_Driver/Src/stm32f3xx_hal.c **** {
 228              		.loc 1 284 1 is_stmt 1 view -0
 229              		.cfi_startproc
 230              		@ args = 0, pretend = 0, frame = 0
 231              		@ frame_needed = 0, uses_anonymous_args = 0
 232              		@ link register save eliminated.
 285:Drivers/STM32F3xx_HAL_Driver/Src/stm32f3xx_hal.c ****   uwTick++;
 233              		.loc 1 285 3 view .LVU37
 234              		.loc 1 285 9 is_stmt 0 view .LVU38
 235 0000 024A     		ldr	r2, .L17
 236 0002 1368     		ldr	r3, [r2]
 237 0004 0133     		adds	r3, r3, #1
 238 0006 1360     		str	r3, [r2]
 286:Drivers/STM32F3xx_HAL_Driver/Src/stm32f3xx_hal.c **** }
 239              		.loc 1 286 1 view .LVU39
 240 0008 7047     		bx	lr
 241              	.L18:
 242 000a 00BF     		.align	2
 243              	.L17:
 244 000c 00000000 		.word	uwTick
 245              		.cfi_endproc
 246              	.LFE700:
 248              		.section	.text.HAL_GetTick,"ax",%progbits
 249              		.align	1
 250              		.p2align 2,,3
 251              		.weak	HAL_GetTick
 252              		.syntax unified
 253              		.thumb
 254              		.thumb_func
 255              		.fpu fpv4-sp-d16
 257              	HAL_GetTick:
 258              	.LFB701:
 287:Drivers/STM32F3xx_HAL_Driver/Src/stm32f3xx_hal.c **** 
 288:Drivers/STM32F3xx_HAL_Driver/Src/stm32f3xx_hal.c **** /**
 289:Drivers/STM32F3xx_HAL_Driver/Src/stm32f3xx_hal.c ****   * @brief  Povides a tick value in millisecond.
 290:Drivers/STM32F3xx_HAL_Driver/Src/stm32f3xx_hal.c ****   * @note   The function is declared as __Weak  to be overwritten  in case of other 
 291:Drivers/STM32F3xx_HAL_Driver/Src/stm32f3xx_hal.c ****   *         implementations  in user file.
 292:Drivers/STM32F3xx_HAL_Driver/Src/stm32f3xx_hal.c ****   * @retval tick value
 293:Drivers/STM32F3xx_HAL_Driver/Src/stm32f3xx_hal.c ****   */
 294:Drivers/STM32F3xx_HAL_Driver/Src/stm32f3xx_hal.c **** __weak uint32_t HAL_GetTick(void)
 295:Drivers/STM32F3xx_HAL_Driver/Src/stm32f3xx_hal.c **** {
 259              		.loc 1 295 1 is_stmt 1 view -0
 260              		.cfi_startproc
 261              		@ args = 0, pretend = 0, frame = 0
 262              		@ frame_needed = 0, uses_anonymous_args = 0
 263              		@ link register save eliminated.
ARM GAS  /tmp/ccyg6ESg.s 			page 11


 296:Drivers/STM32F3xx_HAL_Driver/Src/stm32f3xx_hal.c ****   return uwTick;  
 264              		.loc 1 296 3 view .LVU41
 265              		.loc 1 296 10 is_stmt 0 view .LVU42
 266 0000 014B     		ldr	r3, .L20
 267 0002 1868     		ldr	r0, [r3]
 297:Drivers/STM32F3xx_HAL_Driver/Src/stm32f3xx_hal.c **** }
 268              		.loc 1 297 1 view .LVU43
 269 0004 7047     		bx	lr
 270              	.L21:
 271 0006 00BF     		.align	2
 272              	.L20:
 273 0008 00000000 		.word	uwTick
 274              		.cfi_endproc
 275              	.LFE701:
 277              		.section	.text.HAL_Delay,"ax",%progbits
 278              		.align	1
 279              		.p2align 2,,3
 280              		.weak	HAL_Delay
 281              		.syntax unified
 282              		.thumb
 283              		.thumb_func
 284              		.fpu fpv4-sp-d16
 286              	HAL_Delay:
 287              	.LVL9:
 288              	.LFB702:
 298:Drivers/STM32F3xx_HAL_Driver/Src/stm32f3xx_hal.c **** 
 299:Drivers/STM32F3xx_HAL_Driver/Src/stm32f3xx_hal.c **** /**
 300:Drivers/STM32F3xx_HAL_Driver/Src/stm32f3xx_hal.c ****   * @brief  This function provides accurate delay (in milliseconds) based 
 301:Drivers/STM32F3xx_HAL_Driver/Src/stm32f3xx_hal.c ****   *         on variable incremented.
 302:Drivers/STM32F3xx_HAL_Driver/Src/stm32f3xx_hal.c ****   * @note   In the default implementation , SysTick timer is the source of time base. 
 303:Drivers/STM32F3xx_HAL_Driver/Src/stm32f3xx_hal.c ****   *         It is used to generate interrupts at regular time intervals where uwTick
 304:Drivers/STM32F3xx_HAL_Driver/Src/stm32f3xx_hal.c ****   *         is incremented.
 305:Drivers/STM32F3xx_HAL_Driver/Src/stm32f3xx_hal.c ****   *         The function is declared as __Weak  to be overwritten  in case of other
 306:Drivers/STM32F3xx_HAL_Driver/Src/stm32f3xx_hal.c ****   *         implementations  in user file.
 307:Drivers/STM32F3xx_HAL_Driver/Src/stm32f3xx_hal.c ****   * @param  Delay specifies the delay time length, in milliseconds.
 308:Drivers/STM32F3xx_HAL_Driver/Src/stm32f3xx_hal.c ****   * @retval None
 309:Drivers/STM32F3xx_HAL_Driver/Src/stm32f3xx_hal.c ****   */
 310:Drivers/STM32F3xx_HAL_Driver/Src/stm32f3xx_hal.c **** __weak void HAL_Delay(__IO uint32_t Delay)
 311:Drivers/STM32F3xx_HAL_Driver/Src/stm32f3xx_hal.c **** {
 289              		.loc 1 311 1 is_stmt 1 view -0
 290              		.cfi_startproc
 291              		@ args = 0, pretend = 0, frame = 8
 292              		@ frame_needed = 0, uses_anonymous_args = 0
 312:Drivers/STM32F3xx_HAL_Driver/Src/stm32f3xx_hal.c ****   uint32_t tickstart = HAL_GetTick();
 293              		.loc 1 312 3 view .LVU45
 311:Drivers/STM32F3xx_HAL_Driver/Src/stm32f3xx_hal.c ****   uint32_t tickstart = HAL_GetTick();
 294              		.loc 1 311 1 is_stmt 0 view .LVU46
 295 0000 30B5     		push	{r4, r5, lr}
 296              	.LCFI3:
 297              		.cfi_def_cfa_offset 12
 298              		.cfi_offset 4, -12
 299              		.cfi_offset 5, -8
 300              		.cfi_offset 14, -4
 301 0002 83B0     		sub	sp, sp, #12
 302              	.LCFI4:
 303              		.cfi_def_cfa_offset 24
 311:Drivers/STM32F3xx_HAL_Driver/Src/stm32f3xx_hal.c ****   uint32_t tickstart = HAL_GetTick();
ARM GAS  /tmp/ccyg6ESg.s 			page 12


 304              		.loc 1 311 1 view .LVU47
 305 0004 0190     		str	r0, [sp, #4]
 306              		.loc 1 312 24 view .LVU48
 307 0006 FFF7FEFF 		bl	HAL_GetTick
 308              	.LVL10:
 313:Drivers/STM32F3xx_HAL_Driver/Src/stm32f3xx_hal.c ****   uint32_t wait = Delay;
 309              		.loc 1 313 12 view .LVU49
 310 000a 019C     		ldr	r4, [sp, #4]
 314:Drivers/STM32F3xx_HAL_Driver/Src/stm32f3xx_hal.c ****   
 315:Drivers/STM32F3xx_HAL_Driver/Src/stm32f3xx_hal.c ****   /* Add a period to guarantee minimum wait */
 316:Drivers/STM32F3xx_HAL_Driver/Src/stm32f3xx_hal.c ****   if (wait < HAL_MAX_DELAY)
 311              		.loc 1 316 6 view .LVU50
 312 000c 631C     		adds	r3, r4, #1
 312:Drivers/STM32F3xx_HAL_Driver/Src/stm32f3xx_hal.c ****   uint32_t wait = Delay;
 313              		.loc 1 312 24 view .LVU51
 314 000e 0546     		mov	r5, r0
 315              	.LVL11:
 313:Drivers/STM32F3xx_HAL_Driver/Src/stm32f3xx_hal.c ****   uint32_t wait = Delay;
 316              		.loc 1 313 3 is_stmt 1 view .LVU52
 317              		.loc 1 316 3 view .LVU53
 317:Drivers/STM32F3xx_HAL_Driver/Src/stm32f3xx_hal.c ****   {
 318:Drivers/STM32F3xx_HAL_Driver/Src/stm32f3xx_hal.c ****      wait++;
 318              		.loc 1 318 6 view .LVU54
 319              		.loc 1 318 10 is_stmt 0 view .LVU55
 320 0010 18BF     		it	ne
 321 0012 0134     		addne	r4, r4, #1
 322              	.LVL12:
 323              	.L24:
 319:Drivers/STM32F3xx_HAL_Driver/Src/stm32f3xx_hal.c ****   }
 320:Drivers/STM32F3xx_HAL_Driver/Src/stm32f3xx_hal.c ****   
 321:Drivers/STM32F3xx_HAL_Driver/Src/stm32f3xx_hal.c ****   while((HAL_GetTick() - tickstart) < wait)
 322:Drivers/STM32F3xx_HAL_Driver/Src/stm32f3xx_hal.c ****   {
 323:Drivers/STM32F3xx_HAL_Driver/Src/stm32f3xx_hal.c ****   }
 324              		.loc 1 323 3 is_stmt 1 discriminator 1 view .LVU56
 321:Drivers/STM32F3xx_HAL_Driver/Src/stm32f3xx_hal.c ****   {
 325              		.loc 1 321 10 is_stmt 0 discriminator 1 view .LVU57
 326 0014 FFF7FEFF 		bl	HAL_GetTick
 327              	.LVL13:
 321:Drivers/STM32F3xx_HAL_Driver/Src/stm32f3xx_hal.c ****   {
 328              		.loc 1 321 24 discriminator 1 view .LVU58
 329 0018 401B     		subs	r0, r0, r5
 321:Drivers/STM32F3xx_HAL_Driver/Src/stm32f3xx_hal.c ****   {
 330              		.loc 1 321 8 discriminator 1 view .LVU59
 331 001a A042     		cmp	r0, r4
 332 001c FAD3     		bcc	.L24
 324:Drivers/STM32F3xx_HAL_Driver/Src/stm32f3xx_hal.c **** }
 333              		.loc 1 324 1 view .LVU60
 334 001e 03B0     		add	sp, sp, #12
 335              	.LCFI5:
 336              		.cfi_def_cfa_offset 12
 337              		@ sp needed
 338 0020 30BD     		pop	{r4, r5, pc}
 339              		.loc 1 324 1 view .LVU61
 340              		.cfi_endproc
 341              	.LFE702:
 343 0022 00BF     		.section	.text.HAL_SuspendTick,"ax",%progbits
 344              		.align	1
ARM GAS  /tmp/ccyg6ESg.s 			page 13


 345              		.p2align 2,,3
 346              		.weak	HAL_SuspendTick
 347              		.syntax unified
 348              		.thumb
 349              		.thumb_func
 350              		.fpu fpv4-sp-d16
 352              	HAL_SuspendTick:
 353              	.LFB703:
 325:Drivers/STM32F3xx_HAL_Driver/Src/stm32f3xx_hal.c **** 
 326:Drivers/STM32F3xx_HAL_Driver/Src/stm32f3xx_hal.c **** /**
 327:Drivers/STM32F3xx_HAL_Driver/Src/stm32f3xx_hal.c ****   * @brief  Suspend Tick increment.
 328:Drivers/STM32F3xx_HAL_Driver/Src/stm32f3xx_hal.c ****   * @note   In the default implementation , SysTick timer is the source of time base. It is  
 329:Drivers/STM32F3xx_HAL_Driver/Src/stm32f3xx_hal.c ****   *         used to generate interrupts at regular time intervals. Once HAL_SuspendTick()
 330:Drivers/STM32F3xx_HAL_Driver/Src/stm32f3xx_hal.c ****   *         is called, the the SysTick interrupt will be disabled and so Tick increment 
 331:Drivers/STM32F3xx_HAL_Driver/Src/stm32f3xx_hal.c ****   *         is suspended.
 332:Drivers/STM32F3xx_HAL_Driver/Src/stm32f3xx_hal.c ****   * @note This function is declared as __weak to be overwritten in case of other
 333:Drivers/STM32F3xx_HAL_Driver/Src/stm32f3xx_hal.c ****   *         implementations  in user file.
 334:Drivers/STM32F3xx_HAL_Driver/Src/stm32f3xx_hal.c ****   * @retval None
 335:Drivers/STM32F3xx_HAL_Driver/Src/stm32f3xx_hal.c ****   */
 336:Drivers/STM32F3xx_HAL_Driver/Src/stm32f3xx_hal.c **** __weak void HAL_SuspendTick(void)
 337:Drivers/STM32F3xx_HAL_Driver/Src/stm32f3xx_hal.c **** 
 338:Drivers/STM32F3xx_HAL_Driver/Src/stm32f3xx_hal.c **** {
 354              		.loc 1 338 1 is_stmt 1 view -0
 355              		.cfi_startproc
 356              		@ args = 0, pretend = 0, frame = 0
 357              		@ frame_needed = 0, uses_anonymous_args = 0
 358              		@ link register save eliminated.
 339:Drivers/STM32F3xx_HAL_Driver/Src/stm32f3xx_hal.c ****   /* Disable SysTick Interrupt */
 340:Drivers/STM32F3xx_HAL_Driver/Src/stm32f3xx_hal.c ****   SysTick->CTRL &= ~SysTick_CTRL_TICKINT_Msk;
 359              		.loc 1 340 3 view .LVU63
 360              		.loc 1 340 17 is_stmt 0 view .LVU64
 361 0000 024A     		ldr	r2, .L31
 362 0002 1368     		ldr	r3, [r2]
 363 0004 23F00203 		bic	r3, r3, #2
 364 0008 1360     		str	r3, [r2]
 341:Drivers/STM32F3xx_HAL_Driver/Src/stm32f3xx_hal.c ****                                                    
 342:Drivers/STM32F3xx_HAL_Driver/Src/stm32f3xx_hal.c **** }
 365              		.loc 1 342 1 view .LVU65
 366 000a 7047     		bx	lr
 367              	.L32:
 368              		.align	2
 369              	.L31:
 370 000c 10E000E0 		.word	-536813552
 371              		.cfi_endproc
 372              	.LFE703:
 374              		.section	.text.HAL_ResumeTick,"ax",%progbits
 375              		.align	1
 376              		.p2align 2,,3
 377              		.weak	HAL_ResumeTick
 378              		.syntax unified
 379              		.thumb
 380              		.thumb_func
 381              		.fpu fpv4-sp-d16
 383              	HAL_ResumeTick:
 384              	.LFB704:
 343:Drivers/STM32F3xx_HAL_Driver/Src/stm32f3xx_hal.c **** 
 344:Drivers/STM32F3xx_HAL_Driver/Src/stm32f3xx_hal.c **** /**
ARM GAS  /tmp/ccyg6ESg.s 			page 14


 345:Drivers/STM32F3xx_HAL_Driver/Src/stm32f3xx_hal.c ****   * @brief  Resume Tick increment.
 346:Drivers/STM32F3xx_HAL_Driver/Src/stm32f3xx_hal.c ****   * @note   In the default implementation , SysTick timer is the source of time base. It is  
 347:Drivers/STM32F3xx_HAL_Driver/Src/stm32f3xx_hal.c ****   *         used to generate interrupts at regular time intervals. Once HAL_ResumeTick()
 348:Drivers/STM32F3xx_HAL_Driver/Src/stm32f3xx_hal.c ****   *         is called, the the SysTick interrupt will be enabled and so Tick increment 
 349:Drivers/STM32F3xx_HAL_Driver/Src/stm32f3xx_hal.c ****   *         is resumed.
 350:Drivers/STM32F3xx_HAL_Driver/Src/stm32f3xx_hal.c ****   *         The function is declared as __Weak  to be overwritten  in case of other
 351:Drivers/STM32F3xx_HAL_Driver/Src/stm32f3xx_hal.c ****   *         implementations  in user file.
 352:Drivers/STM32F3xx_HAL_Driver/Src/stm32f3xx_hal.c ****   * @retval None
 353:Drivers/STM32F3xx_HAL_Driver/Src/stm32f3xx_hal.c ****   */
 354:Drivers/STM32F3xx_HAL_Driver/Src/stm32f3xx_hal.c **** __weak void HAL_ResumeTick(void)
 355:Drivers/STM32F3xx_HAL_Driver/Src/stm32f3xx_hal.c **** {
 385              		.loc 1 355 1 is_stmt 1 view -0
 386              		.cfi_startproc
 387              		@ args = 0, pretend = 0, frame = 0
 388              		@ frame_needed = 0, uses_anonymous_args = 0
 389              		@ link register save eliminated.
 356:Drivers/STM32F3xx_HAL_Driver/Src/stm32f3xx_hal.c ****   /* Enable SysTick Interrupt */
 357:Drivers/STM32F3xx_HAL_Driver/Src/stm32f3xx_hal.c ****   SysTick->CTRL  |= SysTick_CTRL_TICKINT_Msk;
 390              		.loc 1 357 3 view .LVU67
 391              		.loc 1 357 18 is_stmt 0 view .LVU68
 392 0000 024A     		ldr	r2, .L34
 393 0002 1368     		ldr	r3, [r2]
 394 0004 43F00203 		orr	r3, r3, #2
 395 0008 1360     		str	r3, [r2]
 358:Drivers/STM32F3xx_HAL_Driver/Src/stm32f3xx_hal.c ****   
 359:Drivers/STM32F3xx_HAL_Driver/Src/stm32f3xx_hal.c **** }
 396              		.loc 1 359 1 view .LVU69
 397 000a 7047     		bx	lr
 398              	.L35:
 399              		.align	2
 400              	.L34:
 401 000c 10E000E0 		.word	-536813552
 402              		.cfi_endproc
 403              	.LFE704:
 405              		.section	.text.HAL_GetHalVersion,"ax",%progbits
 406              		.align	1
 407              		.p2align 2,,3
 408              		.global	HAL_GetHalVersion
 409              		.syntax unified
 410              		.thumb
 411              		.thumb_func
 412              		.fpu fpv4-sp-d16
 414              	HAL_GetHalVersion:
 415              	.LFB705:
 360:Drivers/STM32F3xx_HAL_Driver/Src/stm32f3xx_hal.c **** 
 361:Drivers/STM32F3xx_HAL_Driver/Src/stm32f3xx_hal.c **** /**
 362:Drivers/STM32F3xx_HAL_Driver/Src/stm32f3xx_hal.c ****   * @brief  This function returns the HAL revision
 363:Drivers/STM32F3xx_HAL_Driver/Src/stm32f3xx_hal.c ****   * @retval version : 0xXYZR (8bits for each decimal, R for RC)
 364:Drivers/STM32F3xx_HAL_Driver/Src/stm32f3xx_hal.c ****   */
 365:Drivers/STM32F3xx_HAL_Driver/Src/stm32f3xx_hal.c **** uint32_t HAL_GetHalVersion(void)
 366:Drivers/STM32F3xx_HAL_Driver/Src/stm32f3xx_hal.c **** {
 416              		.loc 1 366 1 is_stmt 1 view -0
 417              		.cfi_startproc
 418              		@ args = 0, pretend = 0, frame = 0
 419              		@ frame_needed = 0, uses_anonymous_args = 0
 420              		@ link register save eliminated.
 367:Drivers/STM32F3xx_HAL_Driver/Src/stm32f3xx_hal.c ****  return __STM32F3xx_HAL_VERSION;
ARM GAS  /tmp/ccyg6ESg.s 			page 15


 421              		.loc 1 367 2 view .LVU71
 368:Drivers/STM32F3xx_HAL_Driver/Src/stm32f3xx_hal.c **** }
 422              		.loc 1 368 1 is_stmt 0 view .LVU72
 423 0000 0048     		ldr	r0, .L37
 424 0002 7047     		bx	lr
 425              	.L38:
 426              		.align	2
 427              	.L37:
 428 0004 00000501 		.word	17104896
 429              		.cfi_endproc
 430              	.LFE705:
 432              		.section	.text.HAL_GetREVID,"ax",%progbits
 433              		.align	1
 434              		.p2align 2,,3
 435              		.global	HAL_GetREVID
 436              		.syntax unified
 437              		.thumb
 438              		.thumb_func
 439              		.fpu fpv4-sp-d16
 441              	HAL_GetREVID:
 442              	.LFB706:
 369:Drivers/STM32F3xx_HAL_Driver/Src/stm32f3xx_hal.c **** 
 370:Drivers/STM32F3xx_HAL_Driver/Src/stm32f3xx_hal.c **** /**
 371:Drivers/STM32F3xx_HAL_Driver/Src/stm32f3xx_hal.c ****   * @brief  Returns the device revision identifier.
 372:Drivers/STM32F3xx_HAL_Driver/Src/stm32f3xx_hal.c ****   * @retval Device revision identifier
 373:Drivers/STM32F3xx_HAL_Driver/Src/stm32f3xx_hal.c ****   */
 374:Drivers/STM32F3xx_HAL_Driver/Src/stm32f3xx_hal.c **** uint32_t HAL_GetREVID(void)
 375:Drivers/STM32F3xx_HAL_Driver/Src/stm32f3xx_hal.c **** {
 443              		.loc 1 375 1 is_stmt 1 view -0
 444              		.cfi_startproc
 445              		@ args = 0, pretend = 0, frame = 0
 446              		@ frame_needed = 0, uses_anonymous_args = 0
 447              		@ link register save eliminated.
 376:Drivers/STM32F3xx_HAL_Driver/Src/stm32f3xx_hal.c ****   return((DBGMCU->IDCODE) >> 16U);
 448              		.loc 1 376 3 view .LVU74
 449              		.loc 1 376 17 is_stmt 0 view .LVU75
 450 0000 014B     		ldr	r3, .L40
 451 0002 1868     		ldr	r0, [r3]
 377:Drivers/STM32F3xx_HAL_Driver/Src/stm32f3xx_hal.c **** }
 452              		.loc 1 377 1 view .LVU76
 453 0004 000C     		lsrs	r0, r0, #16
 454 0006 7047     		bx	lr
 455              	.L41:
 456              		.align	2
 457              	.L40:
 458 0008 002004E0 		.word	-536600576
 459              		.cfi_endproc
 460              	.LFE706:
 462              		.section	.text.HAL_GetDEVID,"ax",%progbits
 463              		.align	1
 464              		.p2align 2,,3
 465              		.global	HAL_GetDEVID
 466              		.syntax unified
 467              		.thumb
 468              		.thumb_func
 469              		.fpu fpv4-sp-d16
 471              	HAL_GetDEVID:
ARM GAS  /tmp/ccyg6ESg.s 			page 16


 472              	.LFB707:
 378:Drivers/STM32F3xx_HAL_Driver/Src/stm32f3xx_hal.c **** 
 379:Drivers/STM32F3xx_HAL_Driver/Src/stm32f3xx_hal.c **** /**
 380:Drivers/STM32F3xx_HAL_Driver/Src/stm32f3xx_hal.c ****   * @brief  Returns the device identifier.
 381:Drivers/STM32F3xx_HAL_Driver/Src/stm32f3xx_hal.c ****   * @retval Device identifier
 382:Drivers/STM32F3xx_HAL_Driver/Src/stm32f3xx_hal.c ****   */
 383:Drivers/STM32F3xx_HAL_Driver/Src/stm32f3xx_hal.c **** uint32_t HAL_GetDEVID(void)
 384:Drivers/STM32F3xx_HAL_Driver/Src/stm32f3xx_hal.c **** {
 473              		.loc 1 384 1 is_stmt 1 view -0
 474              		.cfi_startproc
 475              		@ args = 0, pretend = 0, frame = 0
 476              		@ frame_needed = 0, uses_anonymous_args = 0
 477              		@ link register save eliminated.
 385:Drivers/STM32F3xx_HAL_Driver/Src/stm32f3xx_hal.c ****   return((DBGMCU->IDCODE) & IDCODE_DEVID_MASK);
 478              		.loc 1 385 3 view .LVU78
 479              		.loc 1 385 17 is_stmt 0 view .LVU79
 480 0000 024B     		ldr	r3, .L43
 481 0002 1868     		ldr	r0, [r3]
 386:Drivers/STM32F3xx_HAL_Driver/Src/stm32f3xx_hal.c **** }
 482              		.loc 1 386 1 view .LVU80
 483 0004 C0F30B00 		ubfx	r0, r0, #0, #12
 484 0008 7047     		bx	lr
 485              	.L44:
 486 000a 00BF     		.align	2
 487              	.L43:
 488 000c 002004E0 		.word	-536600576
 489              		.cfi_endproc
 490              	.LFE707:
 492              		.section	.text.HAL_GetUIDw0,"ax",%progbits
 493              		.align	1
 494              		.p2align 2,,3
 495              		.global	HAL_GetUIDw0
 496              		.syntax unified
 497              		.thumb
 498              		.thumb_func
 499              		.fpu fpv4-sp-d16
 501              	HAL_GetUIDw0:
 502              	.LFB708:
 387:Drivers/STM32F3xx_HAL_Driver/Src/stm32f3xx_hal.c **** 
 388:Drivers/STM32F3xx_HAL_Driver/Src/stm32f3xx_hal.c **** /**
 389:Drivers/STM32F3xx_HAL_Driver/Src/stm32f3xx_hal.c ****   * @brief  Returns first word of the unique device identifier (UID based on 96 bits)
 390:Drivers/STM32F3xx_HAL_Driver/Src/stm32f3xx_hal.c ****   * @retval Device identifier
 391:Drivers/STM32F3xx_HAL_Driver/Src/stm32f3xx_hal.c ****   */
 392:Drivers/STM32F3xx_HAL_Driver/Src/stm32f3xx_hal.c **** uint32_t HAL_GetUIDw0(void)
 393:Drivers/STM32F3xx_HAL_Driver/Src/stm32f3xx_hal.c **** {
 503              		.loc 1 393 1 is_stmt 1 view -0
 504              		.cfi_startproc
 505              		@ args = 0, pretend = 0, frame = 0
 506              		@ frame_needed = 0, uses_anonymous_args = 0
 507              		@ link register save eliminated.
 394:Drivers/STM32F3xx_HAL_Driver/Src/stm32f3xx_hal.c ****    return(READ_REG(*((uint32_t *)UID_BASE)));
 508              		.loc 1 394 4 view .LVU82
 509              		.loc 1 394 11 is_stmt 0 view .LVU83
 510 0000 014B     		ldr	r3, .L46
 395:Drivers/STM32F3xx_HAL_Driver/Src/stm32f3xx_hal.c **** }
 511              		.loc 1 395 1 view .LVU84
 512 0002 1868     		ldr	r0, [r3]
ARM GAS  /tmp/ccyg6ESg.s 			page 17


 513 0004 7047     		bx	lr
 514              	.L47:
 515 0006 00BF     		.align	2
 516              	.L46:
 517 0008 ACF7FF1F 		.word	536868780
 518              		.cfi_endproc
 519              	.LFE708:
 521              		.section	.text.HAL_GetUIDw1,"ax",%progbits
 522              		.align	1
 523              		.p2align 2,,3
 524              		.global	HAL_GetUIDw1
 525              		.syntax unified
 526              		.thumb
 527              		.thumb_func
 528              		.fpu fpv4-sp-d16
 530              	HAL_GetUIDw1:
 531              	.LFB709:
 396:Drivers/STM32F3xx_HAL_Driver/Src/stm32f3xx_hal.c **** 
 397:Drivers/STM32F3xx_HAL_Driver/Src/stm32f3xx_hal.c **** /**
 398:Drivers/STM32F3xx_HAL_Driver/Src/stm32f3xx_hal.c ****   * @brief  Returns second word of the unique device identifier (UID based on 96 bits)
 399:Drivers/STM32F3xx_HAL_Driver/Src/stm32f3xx_hal.c ****   * @retval Device identifier
 400:Drivers/STM32F3xx_HAL_Driver/Src/stm32f3xx_hal.c ****   */
 401:Drivers/STM32F3xx_HAL_Driver/Src/stm32f3xx_hal.c **** uint32_t HAL_GetUIDw1(void)
 402:Drivers/STM32F3xx_HAL_Driver/Src/stm32f3xx_hal.c **** {
 532              		.loc 1 402 1 is_stmt 1 view -0
 533              		.cfi_startproc
 534              		@ args = 0, pretend = 0, frame = 0
 535              		@ frame_needed = 0, uses_anonymous_args = 0
 536              		@ link register save eliminated.
 403:Drivers/STM32F3xx_HAL_Driver/Src/stm32f3xx_hal.c ****    return(READ_REG(*((uint32_t *)(UID_BASE + 4U))));
 537              		.loc 1 403 4 view .LVU86
 538              		.loc 1 403 11 is_stmt 0 view .LVU87
 539 0000 014B     		ldr	r3, .L49
 404:Drivers/STM32F3xx_HAL_Driver/Src/stm32f3xx_hal.c **** }
 540              		.loc 1 404 1 view .LVU88
 541 0002 1868     		ldr	r0, [r3]
 542 0004 7047     		bx	lr
 543              	.L50:
 544 0006 00BF     		.align	2
 545              	.L49:
 546 0008 B0F7FF1F 		.word	536868784
 547              		.cfi_endproc
 548              	.LFE709:
 550              		.section	.text.HAL_GetUIDw2,"ax",%progbits
 551              		.align	1
 552              		.p2align 2,,3
 553              		.global	HAL_GetUIDw2
 554              		.syntax unified
 555              		.thumb
 556              		.thumb_func
 557              		.fpu fpv4-sp-d16
 559              	HAL_GetUIDw2:
 560              	.LFB710:
 405:Drivers/STM32F3xx_HAL_Driver/Src/stm32f3xx_hal.c **** 
 406:Drivers/STM32F3xx_HAL_Driver/Src/stm32f3xx_hal.c **** /**
 407:Drivers/STM32F3xx_HAL_Driver/Src/stm32f3xx_hal.c ****   * @brief  Returns third word of the unique device identifier (UID based on 96 bits)
 408:Drivers/STM32F3xx_HAL_Driver/Src/stm32f3xx_hal.c ****   * @retval Device identifier
ARM GAS  /tmp/ccyg6ESg.s 			page 18


 409:Drivers/STM32F3xx_HAL_Driver/Src/stm32f3xx_hal.c ****   */
 410:Drivers/STM32F3xx_HAL_Driver/Src/stm32f3xx_hal.c **** uint32_t HAL_GetUIDw2(void)
 411:Drivers/STM32F3xx_HAL_Driver/Src/stm32f3xx_hal.c **** {
 561              		.loc 1 411 1 is_stmt 1 view -0
 562              		.cfi_startproc
 563              		@ args = 0, pretend = 0, frame = 0
 564              		@ frame_needed = 0, uses_anonymous_args = 0
 565              		@ link register save eliminated.
 412:Drivers/STM32F3xx_HAL_Driver/Src/stm32f3xx_hal.c ****    return(READ_REG(*((uint32_t *)(UID_BASE + 8U))));
 566              		.loc 1 412 4 view .LVU90
 567              		.loc 1 412 11 is_stmt 0 view .LVU91
 568 0000 014B     		ldr	r3, .L52
 413:Drivers/STM32F3xx_HAL_Driver/Src/stm32f3xx_hal.c **** }
 569              		.loc 1 413 1 view .LVU92
 570 0002 1868     		ldr	r0, [r3]
 571 0004 7047     		bx	lr
 572              	.L53:
 573 0006 00BF     		.align	2
 574              	.L52:
 575 0008 B4F7FF1F 		.word	536868788
 576              		.cfi_endproc
 577              	.LFE710:
 579              		.section	.text.HAL_DBGMCU_EnableDBGSleepMode,"ax",%progbits
 580              		.align	1
 581              		.p2align 2,,3
 582              		.global	HAL_DBGMCU_EnableDBGSleepMode
 583              		.syntax unified
 584              		.thumb
 585              		.thumb_func
 586              		.fpu fpv4-sp-d16
 588              	HAL_DBGMCU_EnableDBGSleepMode:
 589              	.LFB711:
 414:Drivers/STM32F3xx_HAL_Driver/Src/stm32f3xx_hal.c **** 
 415:Drivers/STM32F3xx_HAL_Driver/Src/stm32f3xx_hal.c **** /**
 416:Drivers/STM32F3xx_HAL_Driver/Src/stm32f3xx_hal.c ****   * @brief  Enable the Debug Module during SLEEP mode
 417:Drivers/STM32F3xx_HAL_Driver/Src/stm32f3xx_hal.c ****   * @retval None
 418:Drivers/STM32F3xx_HAL_Driver/Src/stm32f3xx_hal.c ****   */
 419:Drivers/STM32F3xx_HAL_Driver/Src/stm32f3xx_hal.c **** void HAL_DBGMCU_EnableDBGSleepMode(void)
 420:Drivers/STM32F3xx_HAL_Driver/Src/stm32f3xx_hal.c **** {
 590              		.loc 1 420 1 is_stmt 1 view -0
 591              		.cfi_startproc
 592              		@ args = 0, pretend = 0, frame = 0
 593              		@ frame_needed = 0, uses_anonymous_args = 0
 594              		@ link register save eliminated.
 421:Drivers/STM32F3xx_HAL_Driver/Src/stm32f3xx_hal.c ****   SET_BIT(DBGMCU->CR, DBGMCU_CR_DBG_SLEEP);
 595              		.loc 1 421 3 view .LVU94
 596 0000 024A     		ldr	r2, .L55
 597 0002 5368     		ldr	r3, [r2, #4]
 598 0004 43F00103 		orr	r3, r3, #1
 599 0008 5360     		str	r3, [r2, #4]
 422:Drivers/STM32F3xx_HAL_Driver/Src/stm32f3xx_hal.c **** }
 600              		.loc 1 422 1 is_stmt 0 view .LVU95
 601 000a 7047     		bx	lr
 602              	.L56:
 603              		.align	2
 604              	.L55:
 605 000c 002004E0 		.word	-536600576
ARM GAS  /tmp/ccyg6ESg.s 			page 19


 606              		.cfi_endproc
 607              	.LFE711:
 609              		.section	.text.HAL_DBGMCU_DisableDBGSleepMode,"ax",%progbits
 610              		.align	1
 611              		.p2align 2,,3
 612              		.global	HAL_DBGMCU_DisableDBGSleepMode
 613              		.syntax unified
 614              		.thumb
 615              		.thumb_func
 616              		.fpu fpv4-sp-d16
 618              	HAL_DBGMCU_DisableDBGSleepMode:
 619              	.LFB712:
 423:Drivers/STM32F3xx_HAL_Driver/Src/stm32f3xx_hal.c **** 
 424:Drivers/STM32F3xx_HAL_Driver/Src/stm32f3xx_hal.c **** /**
 425:Drivers/STM32F3xx_HAL_Driver/Src/stm32f3xx_hal.c ****   * @brief  Disable the Debug Module during SLEEP mode
 426:Drivers/STM32F3xx_HAL_Driver/Src/stm32f3xx_hal.c ****   * @retval None
 427:Drivers/STM32F3xx_HAL_Driver/Src/stm32f3xx_hal.c ****   */
 428:Drivers/STM32F3xx_HAL_Driver/Src/stm32f3xx_hal.c **** void HAL_DBGMCU_DisableDBGSleepMode(void)
 429:Drivers/STM32F3xx_HAL_Driver/Src/stm32f3xx_hal.c **** {
 620              		.loc 1 429 1 is_stmt 1 view -0
 621              		.cfi_startproc
 622              		@ args = 0, pretend = 0, frame = 0
 623              		@ frame_needed = 0, uses_anonymous_args = 0
 624              		@ link register save eliminated.
 430:Drivers/STM32F3xx_HAL_Driver/Src/stm32f3xx_hal.c ****   CLEAR_BIT(DBGMCU->CR, DBGMCU_CR_DBG_SLEEP);
 625              		.loc 1 430 3 view .LVU97
 626 0000 024A     		ldr	r2, .L58
 627 0002 5368     		ldr	r3, [r2, #4]
 628 0004 23F00103 		bic	r3, r3, #1
 629 0008 5360     		str	r3, [r2, #4]
 431:Drivers/STM32F3xx_HAL_Driver/Src/stm32f3xx_hal.c **** }
 630              		.loc 1 431 1 is_stmt 0 view .LVU98
 631 000a 7047     		bx	lr
 632              	.L59:
 633              		.align	2
 634              	.L58:
 635 000c 002004E0 		.word	-536600576
 636              		.cfi_endproc
 637              	.LFE712:
 639              		.section	.text.HAL_DBGMCU_EnableDBGStopMode,"ax",%progbits
 640              		.align	1
 641              		.p2align 2,,3
 642              		.global	HAL_DBGMCU_EnableDBGStopMode
 643              		.syntax unified
 644              		.thumb
 645              		.thumb_func
 646              		.fpu fpv4-sp-d16
 648              	HAL_DBGMCU_EnableDBGStopMode:
 649              	.LFB713:
 432:Drivers/STM32F3xx_HAL_Driver/Src/stm32f3xx_hal.c **** 
 433:Drivers/STM32F3xx_HAL_Driver/Src/stm32f3xx_hal.c **** /**
 434:Drivers/STM32F3xx_HAL_Driver/Src/stm32f3xx_hal.c ****   * @brief  Enable the Debug Module during STOP mode
 435:Drivers/STM32F3xx_HAL_Driver/Src/stm32f3xx_hal.c ****   * @retval None
 436:Drivers/STM32F3xx_HAL_Driver/Src/stm32f3xx_hal.c ****   */
 437:Drivers/STM32F3xx_HAL_Driver/Src/stm32f3xx_hal.c **** void HAL_DBGMCU_EnableDBGStopMode(void)
 438:Drivers/STM32F3xx_HAL_Driver/Src/stm32f3xx_hal.c **** {
 650              		.loc 1 438 1 is_stmt 1 view -0
ARM GAS  /tmp/ccyg6ESg.s 			page 20


 651              		.cfi_startproc
 652              		@ args = 0, pretend = 0, frame = 0
 653              		@ frame_needed = 0, uses_anonymous_args = 0
 654              		@ link register save eliminated.
 439:Drivers/STM32F3xx_HAL_Driver/Src/stm32f3xx_hal.c ****   SET_BIT(DBGMCU->CR, DBGMCU_CR_DBG_STOP);
 655              		.loc 1 439 3 view .LVU100
 656 0000 024A     		ldr	r2, .L61
 657 0002 5368     		ldr	r3, [r2, #4]
 658 0004 43F00203 		orr	r3, r3, #2
 659 0008 5360     		str	r3, [r2, #4]
 440:Drivers/STM32F3xx_HAL_Driver/Src/stm32f3xx_hal.c **** }
 660              		.loc 1 440 1 is_stmt 0 view .LVU101
 661 000a 7047     		bx	lr
 662              	.L62:
 663              		.align	2
 664              	.L61:
 665 000c 002004E0 		.word	-536600576
 666              		.cfi_endproc
 667              	.LFE713:
 669              		.section	.text.HAL_DBGMCU_DisableDBGStopMode,"ax",%progbits
 670              		.align	1
 671              		.p2align 2,,3
 672              		.global	HAL_DBGMCU_DisableDBGStopMode
 673              		.syntax unified
 674              		.thumb
 675              		.thumb_func
 676              		.fpu fpv4-sp-d16
 678              	HAL_DBGMCU_DisableDBGStopMode:
 679              	.LFB714:
 441:Drivers/STM32F3xx_HAL_Driver/Src/stm32f3xx_hal.c **** 
 442:Drivers/STM32F3xx_HAL_Driver/Src/stm32f3xx_hal.c **** /**
 443:Drivers/STM32F3xx_HAL_Driver/Src/stm32f3xx_hal.c ****   * @brief  Disable the Debug Module during STOP mode
 444:Drivers/STM32F3xx_HAL_Driver/Src/stm32f3xx_hal.c ****   * @retval None
 445:Drivers/STM32F3xx_HAL_Driver/Src/stm32f3xx_hal.c ****   */
 446:Drivers/STM32F3xx_HAL_Driver/Src/stm32f3xx_hal.c **** void HAL_DBGMCU_DisableDBGStopMode(void)
 447:Drivers/STM32F3xx_HAL_Driver/Src/stm32f3xx_hal.c **** {
 680              		.loc 1 447 1 is_stmt 1 view -0
 681              		.cfi_startproc
 682              		@ args = 0, pretend = 0, frame = 0
 683              		@ frame_needed = 0, uses_anonymous_args = 0
 684              		@ link register save eliminated.
 448:Drivers/STM32F3xx_HAL_Driver/Src/stm32f3xx_hal.c ****   CLEAR_BIT(DBGMCU->CR, DBGMCU_CR_DBG_STOP);
 685              		.loc 1 448 3 view .LVU103
 686 0000 024A     		ldr	r2, .L64
 687 0002 5368     		ldr	r3, [r2, #4]
 688 0004 23F00203 		bic	r3, r3, #2
 689 0008 5360     		str	r3, [r2, #4]
 449:Drivers/STM32F3xx_HAL_Driver/Src/stm32f3xx_hal.c **** }
 690              		.loc 1 449 1 is_stmt 0 view .LVU104
 691 000a 7047     		bx	lr
 692              	.L65:
 693              		.align	2
 694              	.L64:
 695 000c 002004E0 		.word	-536600576
 696              		.cfi_endproc
 697              	.LFE714:
 699              		.section	.text.HAL_DBGMCU_EnableDBGStandbyMode,"ax",%progbits
ARM GAS  /tmp/ccyg6ESg.s 			page 21


 700              		.align	1
 701              		.p2align 2,,3
 702              		.global	HAL_DBGMCU_EnableDBGStandbyMode
 703              		.syntax unified
 704              		.thumb
 705              		.thumb_func
 706              		.fpu fpv4-sp-d16
 708              	HAL_DBGMCU_EnableDBGStandbyMode:
 709              	.LFB715:
 450:Drivers/STM32F3xx_HAL_Driver/Src/stm32f3xx_hal.c **** 
 451:Drivers/STM32F3xx_HAL_Driver/Src/stm32f3xx_hal.c **** /**
 452:Drivers/STM32F3xx_HAL_Driver/Src/stm32f3xx_hal.c ****   * @brief  Enable the Debug Module during STANDBY mode
 453:Drivers/STM32F3xx_HAL_Driver/Src/stm32f3xx_hal.c ****   * @retval None
 454:Drivers/STM32F3xx_HAL_Driver/Src/stm32f3xx_hal.c ****   */
 455:Drivers/STM32F3xx_HAL_Driver/Src/stm32f3xx_hal.c **** void HAL_DBGMCU_EnableDBGStandbyMode(void)
 456:Drivers/STM32F3xx_HAL_Driver/Src/stm32f3xx_hal.c **** {
 710              		.loc 1 456 1 is_stmt 1 view -0
 711              		.cfi_startproc
 712              		@ args = 0, pretend = 0, frame = 0
 713              		@ frame_needed = 0, uses_anonymous_args = 0
 714              		@ link register save eliminated.
 457:Drivers/STM32F3xx_HAL_Driver/Src/stm32f3xx_hal.c ****   SET_BIT(DBGMCU->CR, DBGMCU_CR_DBG_STANDBY);
 715              		.loc 1 457 3 view .LVU106
 716 0000 024A     		ldr	r2, .L67
 717 0002 5368     		ldr	r3, [r2, #4]
 718 0004 43F00403 		orr	r3, r3, #4
 719 0008 5360     		str	r3, [r2, #4]
 458:Drivers/STM32F3xx_HAL_Driver/Src/stm32f3xx_hal.c **** }
 720              		.loc 1 458 1 is_stmt 0 view .LVU107
 721 000a 7047     		bx	lr
 722              	.L68:
 723              		.align	2
 724              	.L67:
 725 000c 002004E0 		.word	-536600576
 726              		.cfi_endproc
 727              	.LFE715:
 729              		.section	.text.HAL_DBGMCU_DisableDBGStandbyMode,"ax",%progbits
 730              		.align	1
 731              		.p2align 2,,3
 732              		.global	HAL_DBGMCU_DisableDBGStandbyMode
 733              		.syntax unified
 734              		.thumb
 735              		.thumb_func
 736              		.fpu fpv4-sp-d16
 738              	HAL_DBGMCU_DisableDBGStandbyMode:
 739              	.LFB716:
 459:Drivers/STM32F3xx_HAL_Driver/Src/stm32f3xx_hal.c **** 
 460:Drivers/STM32F3xx_HAL_Driver/Src/stm32f3xx_hal.c **** /**
 461:Drivers/STM32F3xx_HAL_Driver/Src/stm32f3xx_hal.c ****   * @brief  Disable the Debug Module during STANDBY mode
 462:Drivers/STM32F3xx_HAL_Driver/Src/stm32f3xx_hal.c ****   * @retval None
 463:Drivers/STM32F3xx_HAL_Driver/Src/stm32f3xx_hal.c ****   */
 464:Drivers/STM32F3xx_HAL_Driver/Src/stm32f3xx_hal.c **** void HAL_DBGMCU_DisableDBGStandbyMode(void)
 465:Drivers/STM32F3xx_HAL_Driver/Src/stm32f3xx_hal.c **** {
 740              		.loc 1 465 1 is_stmt 1 view -0
 741              		.cfi_startproc
 742              		@ args = 0, pretend = 0, frame = 0
 743              		@ frame_needed = 0, uses_anonymous_args = 0
ARM GAS  /tmp/ccyg6ESg.s 			page 22


 744              		@ link register save eliminated.
 466:Drivers/STM32F3xx_HAL_Driver/Src/stm32f3xx_hal.c ****   CLEAR_BIT(DBGMCU->CR, DBGMCU_CR_DBG_STANDBY);
 745              		.loc 1 466 3 view .LVU109
 746 0000 024A     		ldr	r2, .L70
 747 0002 5368     		ldr	r3, [r2, #4]
 748 0004 23F00403 		bic	r3, r3, #4
 749 0008 5360     		str	r3, [r2, #4]
 467:Drivers/STM32F3xx_HAL_Driver/Src/stm32f3xx_hal.c **** }
 750              		.loc 1 467 1 is_stmt 0 view .LVU110
 751 000a 7047     		bx	lr
 752              	.L71:
 753              		.align	2
 754              	.L70:
 755 000c 002004E0 		.word	-536600576
 756              		.cfi_endproc
 757              	.LFE716:
 759              		.comm	uwTick,4,4
 760              		.text
 761              	.Letext0:
 762              		.file 2 "/usr/arm-none-eabi/include/machine/_default_types.h"
 763              		.file 3 "/usr/arm-none-eabi/include/sys/_stdint.h"
 764              		.file 4 "Drivers/CMSIS/Include/core_cm4.h"
 765              		.file 5 "Drivers/CMSIS/Device/ST/STM32F3xx/Include/system_stm32f3xx.h"
 766              		.file 6 "Drivers/CMSIS/Device/ST/STM32F3xx/Include/stm32f303x8.h"
 767              		.file 7 "/usr/arm-none-eabi/include/sys/lock.h"
 768              		.file 8 "/usr/arm-none-eabi/include/sys/_types.h"
 769              		.file 9 "/usr/lib/gcc/arm-none-eabi/8.2.0/include/stddef.h"
 770              		.file 10 "/usr/arm-none-eabi/include/sys/reent.h"
 771              		.file 11 "Drivers/STM32F3xx_HAL_Driver/Inc/stm32f3xx_hal_def.h"
 772              		.file 12 "Drivers/STM32F3xx_HAL_Driver/Inc/stm32f3xx_hal_cortex.h"
 773              		.file 13 "Drivers/STM32F3xx_HAL_Driver/Inc/stm32f3xx_ll_dma.h"
ARM GAS  /tmp/ccyg6ESg.s 			page 23


DEFINED SYMBOLS
                            *ABS*:0000000000000000 stm32f3xx_hal.c
     /tmp/ccyg6ESg.s:18     .text.HAL_MspInit:0000000000000000 $t
     /tmp/ccyg6ESg.s:27     .text.HAL_MspInit:0000000000000000 HAL_MspInit
     /tmp/ccyg6ESg.s:41     .text.HAL_MspDeInit:0000000000000000 $t
     /tmp/ccyg6ESg.s:49     .text.HAL_MspDeInit:0000000000000000 HAL_MspDeInit
     /tmp/ccyg6ESg.s:60     .text.HAL_DeInit:0000000000000000 $t
     /tmp/ccyg6ESg.s:68     .text.HAL_DeInit:0000000000000000 HAL_DeInit
     /tmp/ccyg6ESg.s:108    .text.HAL_DeInit:0000000000000020 $d
     /tmp/ccyg6ESg.s:113    .text.HAL_InitTick:0000000000000000 $t
     /tmp/ccyg6ESg.s:121    .text.HAL_InitTick:0000000000000000 HAL_InitTick
     /tmp/ccyg6ESg.s:163    .text.HAL_InitTick:0000000000000024 $d
     /tmp/ccyg6ESg.s:169    .text.HAL_Init:0000000000000000 $t
     /tmp/ccyg6ESg.s:177    .text.HAL_Init:0000000000000000 HAL_Init
     /tmp/ccyg6ESg.s:213    .text.HAL_Init:0000000000000020 $d
     /tmp/ccyg6ESg.s:218    .text.HAL_IncTick:0000000000000000 $t
     /tmp/ccyg6ESg.s:226    .text.HAL_IncTick:0000000000000000 HAL_IncTick
     /tmp/ccyg6ESg.s:244    .text.HAL_IncTick:000000000000000c $d
                            *COM*:0000000000000004 uwTick
     /tmp/ccyg6ESg.s:249    .text.HAL_GetTick:0000000000000000 $t
     /tmp/ccyg6ESg.s:257    .text.HAL_GetTick:0000000000000000 HAL_GetTick
     /tmp/ccyg6ESg.s:273    .text.HAL_GetTick:0000000000000008 $d
     /tmp/ccyg6ESg.s:278    .text.HAL_Delay:0000000000000000 $t
     /tmp/ccyg6ESg.s:286    .text.HAL_Delay:0000000000000000 HAL_Delay
     /tmp/ccyg6ESg.s:344    .text.HAL_SuspendTick:0000000000000000 $t
     /tmp/ccyg6ESg.s:352    .text.HAL_SuspendTick:0000000000000000 HAL_SuspendTick
     /tmp/ccyg6ESg.s:370    .text.HAL_SuspendTick:000000000000000c $d
     /tmp/ccyg6ESg.s:375    .text.HAL_ResumeTick:0000000000000000 $t
     /tmp/ccyg6ESg.s:383    .text.HAL_ResumeTick:0000000000000000 HAL_ResumeTick
     /tmp/ccyg6ESg.s:401    .text.HAL_ResumeTick:000000000000000c $d
     /tmp/ccyg6ESg.s:406    .text.HAL_GetHalVersion:0000000000000000 $t
     /tmp/ccyg6ESg.s:414    .text.HAL_GetHalVersion:0000000000000000 HAL_GetHalVersion
     /tmp/ccyg6ESg.s:428    .text.HAL_GetHalVersion:0000000000000004 $d
     /tmp/ccyg6ESg.s:433    .text.HAL_GetREVID:0000000000000000 $t
     /tmp/ccyg6ESg.s:441    .text.HAL_GetREVID:0000000000000000 HAL_GetREVID
     /tmp/ccyg6ESg.s:458    .text.HAL_GetREVID:0000000000000008 $d
     /tmp/ccyg6ESg.s:463    .text.HAL_GetDEVID:0000000000000000 $t
     /tmp/ccyg6ESg.s:471    .text.HAL_GetDEVID:0000000000000000 HAL_GetDEVID
     /tmp/ccyg6ESg.s:488    .text.HAL_GetDEVID:000000000000000c $d
     /tmp/ccyg6ESg.s:493    .text.HAL_GetUIDw0:0000000000000000 $t
     /tmp/ccyg6ESg.s:501    .text.HAL_GetUIDw0:0000000000000000 HAL_GetUIDw0
     /tmp/ccyg6ESg.s:517    .text.HAL_GetUIDw0:0000000000000008 $d
     /tmp/ccyg6ESg.s:522    .text.HAL_GetUIDw1:0000000000000000 $t
     /tmp/ccyg6ESg.s:530    .text.HAL_GetUIDw1:0000000000000000 HAL_GetUIDw1
     /tmp/ccyg6ESg.s:546    .text.HAL_GetUIDw1:0000000000000008 $d
     /tmp/ccyg6ESg.s:551    .text.HAL_GetUIDw2:0000000000000000 $t
     /tmp/ccyg6ESg.s:559    .text.HAL_GetUIDw2:0000000000000000 HAL_GetUIDw2
     /tmp/ccyg6ESg.s:575    .text.HAL_GetUIDw2:0000000000000008 $d
     /tmp/ccyg6ESg.s:580    .text.HAL_DBGMCU_EnableDBGSleepMode:0000000000000000 $t
     /tmp/ccyg6ESg.s:588    .text.HAL_DBGMCU_EnableDBGSleepMode:0000000000000000 HAL_DBGMCU_EnableDBGSleepMode
     /tmp/ccyg6ESg.s:605    .text.HAL_DBGMCU_EnableDBGSleepMode:000000000000000c $d
     /tmp/ccyg6ESg.s:610    .text.HAL_DBGMCU_DisableDBGSleepMode:0000000000000000 $t
     /tmp/ccyg6ESg.s:618    .text.HAL_DBGMCU_DisableDBGSleepMode:0000000000000000 HAL_DBGMCU_DisableDBGSleepMode
     /tmp/ccyg6ESg.s:635    .text.HAL_DBGMCU_DisableDBGSleepMode:000000000000000c $d
     /tmp/ccyg6ESg.s:640    .text.HAL_DBGMCU_EnableDBGStopMode:0000000000000000 $t
     /tmp/ccyg6ESg.s:648    .text.HAL_DBGMCU_EnableDBGStopMode:0000000000000000 HAL_DBGMCU_EnableDBGStopMode
     /tmp/ccyg6ESg.s:665    .text.HAL_DBGMCU_EnableDBGStopMode:000000000000000c $d
ARM GAS  /tmp/ccyg6ESg.s 			page 24


     /tmp/ccyg6ESg.s:670    .text.HAL_DBGMCU_DisableDBGStopMode:0000000000000000 $t
     /tmp/ccyg6ESg.s:678    .text.HAL_DBGMCU_DisableDBGStopMode:0000000000000000 HAL_DBGMCU_DisableDBGStopMode
     /tmp/ccyg6ESg.s:695    .text.HAL_DBGMCU_DisableDBGStopMode:000000000000000c $d
     /tmp/ccyg6ESg.s:700    .text.HAL_DBGMCU_EnableDBGStandbyMode:0000000000000000 $t
     /tmp/ccyg6ESg.s:708    .text.HAL_DBGMCU_EnableDBGStandbyMode:0000000000000000 HAL_DBGMCU_EnableDBGStandbyMode
     /tmp/ccyg6ESg.s:725    .text.HAL_DBGMCU_EnableDBGStandbyMode:000000000000000c $d
     /tmp/ccyg6ESg.s:730    .text.HAL_DBGMCU_DisableDBGStandbyMode:0000000000000000 $t
     /tmp/ccyg6ESg.s:738    .text.HAL_DBGMCU_DisableDBGStandbyMode:0000000000000000 HAL_DBGMCU_DisableDBGStandbyMode
     /tmp/ccyg6ESg.s:755    .text.HAL_DBGMCU_DisableDBGStandbyMode:000000000000000c $d

UNDEFINED SYMBOLS
HAL_SYSTICK_Config
HAL_NVIC_SetPriority
SystemCoreClock
HAL_NVIC_SetPriorityGrouping
