ARM GAS  /tmp/ccM5D7KC.s 			page 1


   1              		.cpu cortex-m4
   2              		.eabi_attribute 27, 1
   3              		.eabi_attribute 28, 1
   4              		.eabi_attribute 20, 1
   5              		.eabi_attribute 21, 1
   6              		.eabi_attribute 23, 3
   7              		.eabi_attribute 24, 1
   8              		.eabi_attribute 25, 1
   9              		.eabi_attribute 26, 1
  10              		.eabi_attribute 30, 1
  11              		.eabi_attribute 34, 1
  12              		.eabi_attribute 18, 4
  13              		.file	"usart.c"
  14              		.text
  15              	.Ltext0:
  16              		.cfi_sections	.debug_frame
  17              		.section	.text.MX_USART2_UART_Init,"ax",%progbits
  18              		.align	1
  19              		.global	MX_USART2_UART_Init
  20              		.arch armv7e-m
  21              		.syntax unified
  22              		.thumb
  23              		.thumb_func
  24              		.fpu fpv4-sp-d16
  26              	MX_USART2_UART_Init:
  27              	.LFB126:
  28              		.file 1 "Src/usart.c"
   1:Src/usart.c   **** /**
   2:Src/usart.c   ****   ******************************************************************************
   3:Src/usart.c   ****   * File Name          : USART.c
   4:Src/usart.c   ****   * Description        : This file provides code for the configuration
   5:Src/usart.c   ****   *                      of the USART instances.
   6:Src/usart.c   ****   ******************************************************************************
   7:Src/usart.c   ****   ** This notice applies to any and all portions of this file
   8:Src/usart.c   ****   * that are not between comment pairs USER CODE BEGIN and
   9:Src/usart.c   ****   * USER CODE END. Other portions of this file, whether 
  10:Src/usart.c   ****   * inserted by the user or by software development tools
  11:Src/usart.c   ****   * are owned by their respective copyright owners.
  12:Src/usart.c   ****   *
  13:Src/usart.c   ****   * COPYRIGHT(c) 2018 STMicroelectronics
  14:Src/usart.c   ****   *
  15:Src/usart.c   ****   * Redistribution and use in source and binary forms, with or without modification,
  16:Src/usart.c   ****   * are permitted provided that the following conditions are met:
  17:Src/usart.c   ****   *   1. Redistributions of source code must retain the above copyright notice,
  18:Src/usart.c   ****   *      this list of conditions and the following disclaimer.
  19:Src/usart.c   ****   *   2. Redistributions in binary form must reproduce the above copyright notice,
  20:Src/usart.c   ****   *      this list of conditions and the following disclaimer in the documentation
  21:Src/usart.c   ****   *      and/or other materials provided with the distribution.
  22:Src/usart.c   ****   *   3. Neither the name of STMicroelectronics nor the names of its contributors
  23:Src/usart.c   ****   *      may be used to endorse or promote products derived from this software
  24:Src/usart.c   ****   *      without specific prior written permission.
  25:Src/usart.c   ****   *
  26:Src/usart.c   ****   * THIS SOFTWARE IS PROVIDED BY THE COPYRIGHT HOLDERS AND CONTRIBUTORS "AS IS"
  27:Src/usart.c   ****   * AND ANY EXPRESS OR IMPLIED WARRANTIES, INCLUDING, BUT NOT LIMITED TO, THE
  28:Src/usart.c   ****   * IMPLIED WARRANTIES OF MERCHANTABILITY AND FITNESS FOR A PARTICULAR PURPOSE ARE
  29:Src/usart.c   ****   * DISCLAIMED. IN NO EVENT SHALL THE COPYRIGHT HOLDER OR CONTRIBUTORS BE LIABLE
  30:Src/usart.c   ****   * FOR ANY DIRECT, INDIRECT, INCIDENTAL, SPECIAL, EXEMPLARY, OR CONSEQUENTIAL
ARM GAS  /tmp/ccM5D7KC.s 			page 2


  31:Src/usart.c   ****   * DAMAGES (INCLUDING, BUT NOT LIMITED TO, PROCUREMENT OF SUBSTITUTE GOODS OR
  32:Src/usart.c   ****   * SERVICES; LOSS OF USE, DATA, OR PROFITS; OR BUSINESS INTERRUPTION) HOWEVER
  33:Src/usart.c   ****   * CAUSED AND ON ANY THEORY OF LIABILITY, WHETHER IN CONTRACT, STRICT LIABILITY,
  34:Src/usart.c   ****   * OR TORT (INCLUDING NEGLIGENCE OR OTHERWISE) ARISING IN ANY WAY OUT OF THE USE
  35:Src/usart.c   ****   * OF THIS SOFTWARE, EVEN IF ADVISED OF THE POSSIBILITY OF SUCH DAMAGE.
  36:Src/usart.c   ****   *
  37:Src/usart.c   ****   ******************************************************************************
  38:Src/usart.c   ****   */
  39:Src/usart.c   **** 
  40:Src/usart.c   **** /* Includes ------------------------------------------------------------------*/
  41:Src/usart.c   **** #include "usart.h"
  42:Src/usart.c   **** 
  43:Src/usart.c   **** #include "gpio.h"
  44:Src/usart.c   **** 
  45:Src/usart.c   **** /* USER CODE BEGIN 0 */
  46:Src/usart.c   **** 
  47:Src/usart.c   **** /* USER CODE END 0 */
  48:Src/usart.c   **** 
  49:Src/usart.c   **** UART_HandleTypeDef huart2;
  50:Src/usart.c   **** 
  51:Src/usart.c   **** /* USART2 init function */
  52:Src/usart.c   **** 
  53:Src/usart.c   **** void MX_USART2_UART_Init(void)
  54:Src/usart.c   **** {
  29              		.loc 1 54 1 view -0
  30              		.cfi_startproc
  31              		@ args = 0, pretend = 0, frame = 0
  32              		@ frame_needed = 0, uses_anonymous_args = 0
  33 0000 08B5     		push	{r3, lr}
  34              	.LCFI0:
  35              		.cfi_def_cfa_offset 8
  36              		.cfi_offset 3, -8
  37              		.cfi_offset 14, -4
  55:Src/usart.c   **** 
  56:Src/usart.c   ****   huart2.Instance = USART2;
  38              		.loc 1 56 3 view .LVU1
  39              		.loc 1 56 19 is_stmt 0 view .LVU2
  40 0002 0B48     		ldr	r0, .L5
  41 0004 0B4B     		ldr	r3, .L5+4
  42 0006 0360     		str	r3, [r0]
  57:Src/usart.c   ****   huart2.Init.BaudRate = 115200;
  43              		.loc 1 57 3 is_stmt 1 view .LVU3
  44              		.loc 1 57 24 is_stmt 0 view .LVU4
  45 0008 4FF4E133 		mov	r3, #115200
  46 000c 4360     		str	r3, [r0, #4]
  58:Src/usart.c   ****   huart2.Init.WordLength = UART_WORDLENGTH_8B;
  47              		.loc 1 58 3 is_stmt 1 view .LVU5
  48              		.loc 1 58 26 is_stmt 0 view .LVU6
  49 000e 0023     		movs	r3, #0
  50 0010 8360     		str	r3, [r0, #8]
  59:Src/usart.c   ****   huart2.Init.StopBits = UART_STOPBITS_1;
  51              		.loc 1 59 3 is_stmt 1 view .LVU7
  52              		.loc 1 59 24 is_stmt 0 view .LVU8
  53 0012 C360     		str	r3, [r0, #12]
  60:Src/usart.c   ****   huart2.Init.Parity = UART_PARITY_NONE;
  54              		.loc 1 60 3 is_stmt 1 view .LVU9
  55              		.loc 1 60 22 is_stmt 0 view .LVU10
ARM GAS  /tmp/ccM5D7KC.s 			page 3


  56 0014 0361     		str	r3, [r0, #16]
  61:Src/usart.c   ****   huart2.Init.Mode = UART_MODE_TX_RX;
  57              		.loc 1 61 3 is_stmt 1 view .LVU11
  58              		.loc 1 61 20 is_stmt 0 view .LVU12
  59 0016 0C22     		movs	r2, #12
  60 0018 4261     		str	r2, [r0, #20]
  62:Src/usart.c   ****   huart2.Init.HwFlowCtl = UART_HWCONTROL_NONE;
  61              		.loc 1 62 3 is_stmt 1 view .LVU13
  62              		.loc 1 62 25 is_stmt 0 view .LVU14
  63 001a 8361     		str	r3, [r0, #24]
  63:Src/usart.c   ****   huart2.Init.OverSampling = UART_OVERSAMPLING_16;
  64              		.loc 1 63 3 is_stmt 1 view .LVU15
  65              		.loc 1 63 28 is_stmt 0 view .LVU16
  66 001c C361     		str	r3, [r0, #28]
  64:Src/usart.c   ****   if (HAL_UART_Init(&huart2) != HAL_OK)
  67              		.loc 1 64 3 is_stmt 1 view .LVU17
  68              		.loc 1 64 7 is_stmt 0 view .LVU18
  69 001e FFF7FEFF 		bl	HAL_UART_Init
  70              	.LVL0:
  71              		.loc 1 64 6 view .LVU19
  72 0022 00B9     		cbnz	r0, .L4
  73              	.L1:
  65:Src/usart.c   ****   {
  66:Src/usart.c   ****     _Error_Handler(__FILE__, __LINE__);
  67:Src/usart.c   ****   }
  68:Src/usart.c   **** 
  69:Src/usart.c   **** }
  74              		.loc 1 69 1 view .LVU20
  75 0024 08BD     		pop	{r3, pc}
  76              	.L4:
  66:Src/usart.c   ****   }
  77              		.loc 1 66 5 is_stmt 1 view .LVU21
  78 0026 4221     		movs	r1, #66
  79 0028 0348     		ldr	r0, .L5+8
  80 002a FFF7FEFF 		bl	_Error_Handler
  81              	.LVL1:
  82              		.loc 1 69 1 is_stmt 0 view .LVU22
  83 002e F9E7     		b	.L1
  84              	.L6:
  85              		.align	2
  86              	.L5:
  87 0030 00000000 		.word	huart2
  88 0034 00440040 		.word	1073759232
  89 0038 00000000 		.word	.LC0
  90              		.cfi_endproc
  91              	.LFE126:
  93              		.section	.text.HAL_UART_MspInit,"ax",%progbits
  94              		.align	1
  95              		.global	HAL_UART_MspInit
  96              		.syntax unified
  97              		.thumb
  98              		.thumb_func
  99              		.fpu fpv4-sp-d16
 101              	HAL_UART_MspInit:
 102              	.LVL2:
 103              	.LFB127:
  70:Src/usart.c   **** 
ARM GAS  /tmp/ccM5D7KC.s 			page 4


  71:Src/usart.c   **** void HAL_UART_MspInit(UART_HandleTypeDef* uartHandle)
  72:Src/usart.c   **** {
 104              		.loc 1 72 1 is_stmt 1 view -0
 105              		.cfi_startproc
 106              		@ args = 0, pretend = 0, frame = 24
 107              		@ frame_needed = 0, uses_anonymous_args = 0
  73:Src/usart.c   **** 
  74:Src/usart.c   ****   GPIO_InitTypeDef GPIO_InitStruct;
 108              		.loc 1 74 3 view .LVU24
  75:Src/usart.c   ****   if(uartHandle->Instance==USART2)
 109              		.loc 1 75 3 view .LVU25
 110              		.loc 1 75 16 is_stmt 0 view .LVU26
 111 0000 0268     		ldr	r2, [r0]
 112              		.loc 1 75 5 view .LVU27
 113 0002 104B     		ldr	r3, .L14
 114 0004 9A42     		cmp	r2, r3
 115 0006 00D0     		beq	.L13
 116 0008 7047     		bx	lr
 117              	.L13:
  72:Src/usart.c   **** 
 118              		.loc 1 72 1 view .LVU28
 119 000a 00B5     		push	{lr}
 120              	.LCFI1:
 121              		.cfi_def_cfa_offset 4
 122              		.cfi_offset 14, -4
 123 000c 87B0     		sub	sp, sp, #28
 124              	.LCFI2:
 125              		.cfi_def_cfa_offset 32
  76:Src/usart.c   ****   {
  77:Src/usart.c   ****   /* USER CODE BEGIN USART2_MspInit 0 */
  78:Src/usart.c   **** 
  79:Src/usart.c   ****   /* USER CODE END USART2_MspInit 0 */
  80:Src/usart.c   ****     /* USART2 clock enable */
  81:Src/usart.c   ****     __HAL_RCC_USART2_CLK_ENABLE();
 126              		.loc 1 81 5 is_stmt 1 view .LVU29
 127              	.LBB2:
 128              		.loc 1 81 5 view .LVU30
 129 000e 0023     		movs	r3, #0
 130 0010 0093     		str	r3, [sp]
 131              		.loc 1 81 5 view .LVU31
 132 0012 0D4A     		ldr	r2, .L14+4
 133 0014 116C     		ldr	r1, [r2, #64]
 134 0016 41F40031 		orr	r1, r1, #131072
 135 001a 1164     		str	r1, [r2, #64]
 136              		.loc 1 81 5 view .LVU32
 137 001c 126C     		ldr	r2, [r2, #64]
 138 001e 02F40032 		and	r2, r2, #131072
 139 0022 0092     		str	r2, [sp]
 140              		.loc 1 81 5 view .LVU33
 141 0024 009A     		ldr	r2, [sp]
 142              	.LBE2:
  82:Src/usart.c   ****   
  83:Src/usart.c   ****     /**USART2 GPIO Configuration    
  84:Src/usart.c   ****     PA2     ------> USART2_TX
  85:Src/usart.c   ****     PA3     ------> USART2_RX 
  86:Src/usart.c   ****     */
  87:Src/usart.c   ****     GPIO_InitStruct.Pin = USART_TX_Pin|USART_RX_Pin;
ARM GAS  /tmp/ccM5D7KC.s 			page 5


 143              		.loc 1 87 5 view .LVU34
 144              		.loc 1 87 25 is_stmt 0 view .LVU35
 145 0026 0C22     		movs	r2, #12
 146 0028 0192     		str	r2, [sp, #4]
  88:Src/usart.c   ****     GPIO_InitStruct.Mode = GPIO_MODE_AF_PP;
 147              		.loc 1 88 5 is_stmt 1 view .LVU36
 148              		.loc 1 88 26 is_stmt 0 view .LVU37
 149 002a 0222     		movs	r2, #2
 150 002c 0292     		str	r2, [sp, #8]
  89:Src/usart.c   ****     GPIO_InitStruct.Pull = GPIO_NOPULL;
 151              		.loc 1 89 5 is_stmt 1 view .LVU38
 152              		.loc 1 89 26 is_stmt 0 view .LVU39
 153 002e 0393     		str	r3, [sp, #12]
  90:Src/usart.c   ****     GPIO_InitStruct.Speed = GPIO_SPEED_FREQ_LOW;
 154              		.loc 1 90 5 is_stmt 1 view .LVU40
 155              		.loc 1 90 27 is_stmt 0 view .LVU41
 156 0030 0493     		str	r3, [sp, #16]
  91:Src/usart.c   ****     GPIO_InitStruct.Alternate = GPIO_AF7_USART2;
 157              		.loc 1 91 5 is_stmt 1 view .LVU42
 158              		.loc 1 91 31 is_stmt 0 view .LVU43
 159 0032 0723     		movs	r3, #7
 160 0034 0593     		str	r3, [sp, #20]
  92:Src/usart.c   ****     HAL_GPIO_Init(GPIOA, &GPIO_InitStruct);
 161              		.loc 1 92 5 is_stmt 1 view .LVU44
 162 0036 01A9     		add	r1, sp, #4
 163 0038 0448     		ldr	r0, .L14+8
 164              	.LVL3:
 165              		.loc 1 92 5 is_stmt 0 view .LVU45
 166 003a FFF7FEFF 		bl	HAL_GPIO_Init
 167              	.LVL4:
  93:Src/usart.c   **** 
  94:Src/usart.c   ****   /* USER CODE BEGIN USART2_MspInit 1 */
  95:Src/usart.c   **** 
  96:Src/usart.c   ****   /* USER CODE END USART2_MspInit 1 */
  97:Src/usart.c   ****   }
  98:Src/usart.c   **** }
 168              		.loc 1 98 1 view .LVU46
 169 003e 07B0     		add	sp, sp, #28
 170              	.LCFI3:
 171              		.cfi_def_cfa_offset 4
 172              		@ sp needed
 173 0040 5DF804FB 		ldr	pc, [sp], #4
 174              	.L15:
 175              		.align	2
 176              	.L14:
 177 0044 00440040 		.word	1073759232
 178 0048 00380240 		.word	1073887232
 179 004c 00000240 		.word	1073872896
 180              		.cfi_endproc
 181              	.LFE127:
 183              		.section	.text.HAL_UART_MspDeInit,"ax",%progbits
 184              		.align	1
 185              		.global	HAL_UART_MspDeInit
 186              		.syntax unified
 187              		.thumb
 188              		.thumb_func
 189              		.fpu fpv4-sp-d16
ARM GAS  /tmp/ccM5D7KC.s 			page 6


 191              	HAL_UART_MspDeInit:
 192              	.LVL5:
 193              	.LFB128:
  99:Src/usart.c   **** 
 100:Src/usart.c   **** void HAL_UART_MspDeInit(UART_HandleTypeDef* uartHandle)
 101:Src/usart.c   **** {
 194              		.loc 1 101 1 is_stmt 1 view -0
 195              		.cfi_startproc
 196              		@ args = 0, pretend = 0, frame = 0
 197              		@ frame_needed = 0, uses_anonymous_args = 0
 198              		.loc 1 101 1 is_stmt 0 view .LVU48
 199 0000 08B5     		push	{r3, lr}
 200              	.LCFI4:
 201              		.cfi_def_cfa_offset 8
 202              		.cfi_offset 3, -8
 203              		.cfi_offset 14, -4
 102:Src/usart.c   **** 
 103:Src/usart.c   ****   if(uartHandle->Instance==USART2)
 204              		.loc 1 103 3 is_stmt 1 view .LVU49
 205              		.loc 1 103 16 is_stmt 0 view .LVU50
 206 0002 0268     		ldr	r2, [r0]
 207              		.loc 1 103 5 view .LVU51
 208 0004 064B     		ldr	r3, .L20
 209 0006 9A42     		cmp	r2, r3
 210 0008 00D0     		beq	.L19
 211              	.LVL6:
 212              	.L16:
 104:Src/usart.c   ****   {
 105:Src/usart.c   ****   /* USER CODE BEGIN USART2_MspDeInit 0 */
 106:Src/usart.c   **** 
 107:Src/usart.c   ****   /* USER CODE END USART2_MspDeInit 0 */
 108:Src/usart.c   ****     /* Peripheral clock disable */
 109:Src/usart.c   ****     __HAL_RCC_USART2_CLK_DISABLE();
 110:Src/usart.c   ****   
 111:Src/usart.c   ****     /**USART2 GPIO Configuration    
 112:Src/usart.c   ****     PA2     ------> USART2_TX
 113:Src/usart.c   ****     PA3     ------> USART2_RX 
 114:Src/usart.c   ****     */
 115:Src/usart.c   ****     HAL_GPIO_DeInit(GPIOA, USART_TX_Pin|USART_RX_Pin);
 116:Src/usart.c   **** 
 117:Src/usart.c   ****   /* USER CODE BEGIN USART2_MspDeInit 1 */
 118:Src/usart.c   **** 
 119:Src/usart.c   ****   /* USER CODE END USART2_MspDeInit 1 */
 120:Src/usart.c   ****   }
 121:Src/usart.c   **** } 
 213              		.loc 1 121 1 view .LVU52
 214 000a 08BD     		pop	{r3, pc}
 215              	.LVL7:
 216              	.L19:
 109:Src/usart.c   ****   
 217              		.loc 1 109 5 is_stmt 1 view .LVU53
 218 000c 054A     		ldr	r2, .L20+4
 219 000e 136C     		ldr	r3, [r2, #64]
 220 0010 23F40033 		bic	r3, r3, #131072
 221 0014 1364     		str	r3, [r2, #64]
 115:Src/usart.c   **** 
 222              		.loc 1 115 5 view .LVU54
ARM GAS  /tmp/ccM5D7KC.s 			page 7


 223 0016 0C21     		movs	r1, #12
 224 0018 0348     		ldr	r0, .L20+8
 225              	.LVL8:
 115:Src/usart.c   **** 
 226              		.loc 1 115 5 is_stmt 0 view .LVU55
 227 001a FFF7FEFF 		bl	HAL_GPIO_DeInit
 228              	.LVL9:
 229              		.loc 1 121 1 view .LVU56
 230 001e F4E7     		b	.L16
 231              	.L21:
 232              		.align	2
 233              	.L20:
 234 0020 00440040 		.word	1073759232
 235 0024 00380240 		.word	1073887232
 236 0028 00000240 		.word	1073872896
 237              		.cfi_endproc
 238              	.LFE128:
 240              		.comm	huart2,64,4
 241              		.section	.rodata.MX_USART2_UART_Init.str1.4,"aMS",%progbits,1
 242              		.align	2
 243              	.LC0:
 244 0000 5372632F 		.ascii	"Src/usart.c\000"
 244      75736172 
 244      742E6300 
 245              		.text
 246              	.Letext0:
 247              		.file 2 "/usr/arm-none-eabi/include/machine/_default_types.h"
 248              		.file 3 "/usr/arm-none-eabi/include/sys/_stdint.h"
 249              		.file 4 "Drivers/CMSIS/Include/core_cm4.h"
 250              		.file 5 "Drivers/CMSIS/Device/ST/STM32F4xx/Include/system_stm32f4xx.h"
 251              		.file 6 "Drivers/CMSIS/Device/ST/STM32F4xx/Include/stm32f401xe.h"
 252              		.file 7 "/usr/arm-none-eabi/include/sys/lock.h"
 253              		.file 8 "/usr/arm-none-eabi/include/sys/_types.h"
 254              		.file 9 "/usr/lib/gcc/arm-none-eabi/8.2.0/include/stddef.h"
 255              		.file 10 "/usr/arm-none-eabi/include/sys/reent.h"
 256              		.file 11 "Drivers/STM32F4xx_HAL_Driver/Inc/stm32f4xx_hal_def.h"
 257              		.file 12 "Drivers/STM32F4xx_HAL_Driver/Inc/stm32f4xx_hal_gpio.h"
 258              		.file 13 "Drivers/STM32F4xx_HAL_Driver/Inc/stm32f4xx_hal_dma.h"
 259              		.file 14 "Drivers/STM32F4xx_HAL_Driver/Inc/stm32f4xx_hal_uart.h"
 260              		.file 15 "Inc/usart.h"
ARM GAS  /tmp/ccM5D7KC.s 			page 8


DEFINED SYMBOLS
                            *ABS*:0000000000000000 usart.c
     /tmp/ccM5D7KC.s:18     .text.MX_USART2_UART_Init:0000000000000000 $t
     /tmp/ccM5D7KC.s:26     .text.MX_USART2_UART_Init:0000000000000000 MX_USART2_UART_Init
     /tmp/ccM5D7KC.s:87     .text.MX_USART2_UART_Init:0000000000000030 $d
                            *COM*:0000000000000040 huart2
     /tmp/ccM5D7KC.s:94     .text.HAL_UART_MspInit:0000000000000000 $t
     /tmp/ccM5D7KC.s:101    .text.HAL_UART_MspInit:0000000000000000 HAL_UART_MspInit
     /tmp/ccM5D7KC.s:177    .text.HAL_UART_MspInit:0000000000000044 $d
     /tmp/ccM5D7KC.s:184    .text.HAL_UART_MspDeInit:0000000000000000 $t
     /tmp/ccM5D7KC.s:191    .text.HAL_UART_MspDeInit:0000000000000000 HAL_UART_MspDeInit
     /tmp/ccM5D7KC.s:234    .text.HAL_UART_MspDeInit:0000000000000020 $d
     /tmp/ccM5D7KC.s:242    .rodata.MX_USART2_UART_Init.str1.4:0000000000000000 $d

UNDEFINED SYMBOLS
HAL_UART_Init
_Error_Handler
HAL_GPIO_Init
HAL_GPIO_DeInit
