ARM GAS  /tmp/cckcFy5j.s 			page 1


   1              		.cpu cortex-m4
   2              		.eabi_attribute 27, 1
   3              		.eabi_attribute 28, 1
   4              		.eabi_attribute 20, 1
   5              		.eabi_attribute 21, 1
   6              		.eabi_attribute 23, 3
   7              		.eabi_attribute 24, 1
   8              		.eabi_attribute 25, 1
   9              		.eabi_attribute 26, 1
  10              		.eabi_attribute 30, 2
  11              		.eabi_attribute 34, 1
  12              		.eabi_attribute 18, 4
  13              		.file	"wwdg.c"
  14              		.text
  15              	.Ltext0:
  16              		.cfi_sections	.debug_frame
  17              		.section	.text.MX_WWDG_Init,"ax",%progbits
  18              		.align	1
  19              		.p2align 2,,3
  20              		.global	MX_WWDG_Init
  21              		.arch armv7e-m
  22              		.syntax unified
  23              		.thumb
  24              		.thumb_func
  25              		.fpu fpv4-sp-d16
  27              	MX_WWDG_Init:
  28              	.LFB695:
  29              		.file 1 "Src/wwdg.c"
   1:Src/wwdg.c    **** /**
   2:Src/wwdg.c    ****   ******************************************************************************
   3:Src/wwdg.c    ****   * File Name          : WWDG.c
   4:Src/wwdg.c    ****   * Description        : This file provides code for the configuration
   5:Src/wwdg.c    ****   *                      of the WWDG instances.
   6:Src/wwdg.c    ****   ******************************************************************************
   7:Src/wwdg.c    ****   ** This notice applies to any and all portions of this file
   8:Src/wwdg.c    ****   * that are not between comment pairs USER CODE BEGIN and
   9:Src/wwdg.c    ****   * USER CODE END. Other portions of this file, whether 
  10:Src/wwdg.c    ****   * inserted by the user or by software development tools
  11:Src/wwdg.c    ****   * are owned by their respective copyright owners.
  12:Src/wwdg.c    ****   *
  13:Src/wwdg.c    ****   * COPYRIGHT(c) 2018 STMicroelectronics
  14:Src/wwdg.c    ****   *
  15:Src/wwdg.c    ****   * Redistribution and use in source and binary forms, with or without modification,
  16:Src/wwdg.c    ****   * are permitted provided that the following conditions are met:
  17:Src/wwdg.c    ****   *   1. Redistributions of source code must retain the above copyright notice,
  18:Src/wwdg.c    ****   *      this list of conditions and the following disclaimer.
  19:Src/wwdg.c    ****   *   2. Redistributions in binary form must reproduce the above copyright notice,
  20:Src/wwdg.c    ****   *      this list of conditions and the following disclaimer in the documentation
  21:Src/wwdg.c    ****   *      and/or other materials provided with the distribution.
  22:Src/wwdg.c    ****   *   3. Neither the name of STMicroelectronics nor the names of its contributors
  23:Src/wwdg.c    ****   *      may be used to endorse or promote products derived from this software
  24:Src/wwdg.c    ****   *      without specific prior written permission.
  25:Src/wwdg.c    ****   *
  26:Src/wwdg.c    ****   * THIS SOFTWARE IS PROVIDED BY THE COPYRIGHT HOLDERS AND CONTRIBUTORS "AS IS"
  27:Src/wwdg.c    ****   * AND ANY EXPRESS OR IMPLIED WARRANTIES, INCLUDING, BUT NOT LIMITED TO, THE
  28:Src/wwdg.c    ****   * IMPLIED WARRANTIES OF MERCHANTABILITY AND FITNESS FOR A PARTICULAR PURPOSE ARE
  29:Src/wwdg.c    ****   * DISCLAIMED. IN NO EVENT SHALL THE COPYRIGHT HOLDER OR CONTRIBUTORS BE LIABLE
ARM GAS  /tmp/cckcFy5j.s 			page 2


  30:Src/wwdg.c    ****   * FOR ANY DIRECT, INDIRECT, INCIDENTAL, SPECIAL, EXEMPLARY, OR CONSEQUENTIAL
  31:Src/wwdg.c    ****   * DAMAGES (INCLUDING, BUT NOT LIMITED TO, PROCUREMENT OF SUBSTITUTE GOODS OR
  32:Src/wwdg.c    ****   * SERVICES; LOSS OF USE, DATA, OR PROFITS; OR BUSINESS INTERRUPTION) HOWEVER
  33:Src/wwdg.c    ****   * CAUSED AND ON ANY THEORY OF LIABILITY, WHETHER IN CONTRACT, STRICT LIABILITY,
  34:Src/wwdg.c    ****   * OR TORT (INCLUDING NEGLIGENCE OR OTHERWISE) ARISING IN ANY WAY OUT OF THE USE
  35:Src/wwdg.c    ****   * OF THIS SOFTWARE, EVEN IF ADVISED OF THE POSSIBILITY OF SUCH DAMAGE.
  36:Src/wwdg.c    ****   *
  37:Src/wwdg.c    ****   ******************************************************************************
  38:Src/wwdg.c    ****   */
  39:Src/wwdg.c    **** 
  40:Src/wwdg.c    **** /* Includes ------------------------------------------------------------------*/
  41:Src/wwdg.c    **** #include "wwdg.h"
  42:Src/wwdg.c    **** 
  43:Src/wwdg.c    **** /* USER CODE BEGIN 0 */
  44:Src/wwdg.c    **** 
  45:Src/wwdg.c    **** /* USER CODE END 0 */
  46:Src/wwdg.c    **** 
  47:Src/wwdg.c    **** WWDG_HandleTypeDef hwwdg;
  48:Src/wwdg.c    **** 
  49:Src/wwdg.c    **** /* WWDG init function */
  50:Src/wwdg.c    **** void MX_WWDG_Init(void)
  51:Src/wwdg.c    **** {
  30              		.loc 1 51 1 view -0
  31              		.cfi_startproc
  32              		@ args = 0, pretend = 0, frame = 0
  33              		@ frame_needed = 0, uses_anonymous_args = 0
  52:Src/wwdg.c    **** 
  53:Src/wwdg.c    ****   hwwdg.Instance = WWDG;
  34              		.loc 1 53 3 view .LVU1
  51:Src/wwdg.c    **** 
  35              		.loc 1 51 1 is_stmt 0 view .LVU2
  36 0000 38B5     		push	{r3, r4, r5, lr}
  37              	.LCFI0:
  38              		.cfi_def_cfa_offset 16
  39              		.cfi_offset 3, -16
  40              		.cfi_offset 4, -12
  41              		.cfi_offset 5, -8
  42              		.cfi_offset 14, -4
  43              		.loc 1 53 18 view .LVU3
  44 0002 0C4B     		ldr	r3, .L6
  45 0004 0C4A     		ldr	r2, .L6+4
  46 0006 1A60     		str	r2, [r3]
  54:Src/wwdg.c    ****   hwwdg.Init.Prescaler = WWDG_PRESCALER_8;
  47              		.loc 1 54 3 is_stmt 1 view .LVU4
  48              		.loc 1 54 24 is_stmt 0 view .LVU5
  49 0008 4FF4C075 		mov	r5, #384
  55:Src/wwdg.c    ****   hwwdg.Init.Window = 120;
  50              		.loc 1 55 21 view .LVU6
  51 000c 7824     		movs	r4, #120
  56:Src/wwdg.c    ****   hwwdg.Init.Counter = 127;
  52              		.loc 1 56 22 view .LVU7
  53 000e 7F21     		movs	r1, #127
  57:Src/wwdg.c    ****   hwwdg.Init.EWIMode = WWDG_EWI_ENABLE;
  54              		.loc 1 57 22 view .LVU8
  55 0010 4FF40072 		mov	r2, #512
  58:Src/wwdg.c    ****   if (HAL_WWDG_Init(&hwwdg) != HAL_OK)
  56              		.loc 1 58 7 view .LVU9
ARM GAS  /tmp/cckcFy5j.s 			page 3


  57 0014 1846     		mov	r0, r3
  55:Src/wwdg.c    ****   hwwdg.Init.Counter = 127;
  58              		.loc 1 55 21 view .LVU10
  59 0016 C3E90154 		strd	r5, r4, [r3, #4]
  56:Src/wwdg.c    ****   hwwdg.Init.EWIMode = WWDG_EWI_ENABLE;
  60              		.loc 1 56 3 is_stmt 1 view .LVU11
  57:Src/wwdg.c    ****   if (HAL_WWDG_Init(&hwwdg) != HAL_OK)
  61              		.loc 1 57 22 is_stmt 0 view .LVU12
  62 001a C3E90312 		strd	r1, r2, [r3, #12]
  63              		.loc 1 58 3 is_stmt 1 view .LVU13
  64              		.loc 1 58 7 is_stmt 0 view .LVU14
  65 001e FFF7FEFF 		bl	HAL_WWDG_Init
  66              	.LVL0:
  67              		.loc 1 58 6 view .LVU15
  68 0022 00B9     		cbnz	r0, .L5
  59:Src/wwdg.c    ****   {
  60:Src/wwdg.c    ****     _Error_Handler(__FILE__, __LINE__);
  61:Src/wwdg.c    ****   }
  62:Src/wwdg.c    **** 
  63:Src/wwdg.c    **** }
  69              		.loc 1 63 1 view .LVU16
  70 0024 38BD     		pop	{r3, r4, r5, pc}
  71              	.L5:
  60:Src/wwdg.c    ****   }
  72              		.loc 1 60 5 is_stmt 1 view .LVU17
  73 0026 3C21     		movs	r1, #60
  74 0028 0448     		ldr	r0, .L6+8
  75              		.loc 1 63 1 is_stmt 0 view .LVU18
  76 002a BDE83840 		pop	{r3, r4, r5, lr}
  77              	.LCFI1:
  78              		.cfi_restore 14
  79              		.cfi_restore 5
  80              		.cfi_restore 4
  81              		.cfi_restore 3
  82              		.cfi_def_cfa_offset 0
  60:Src/wwdg.c    ****   }
  83              		.loc 1 60 5 view .LVU19
  84 002e FFF7FEBF 		b	_Error_Handler
  85              	.LVL1:
  86              	.L7:
  87 0032 00BF     		.align	2
  88              	.L6:
  89 0034 00000000 		.word	hwwdg
  90 0038 002C0040 		.word	1073753088
  91 003c 00000000 		.word	.LC0
  92              		.cfi_endproc
  93              	.LFE695:
  95              		.section	.text.HAL_WWDG_MspInit,"ax",%progbits
  96              		.align	1
  97              		.p2align 2,,3
  98              		.global	HAL_WWDG_MspInit
  99              		.syntax unified
 100              		.thumb
 101              		.thumb_func
 102              		.fpu fpv4-sp-d16
 104              	HAL_WWDG_MspInit:
 105              	.LVL2:
ARM GAS  /tmp/cckcFy5j.s 			page 4


 106              	.LFB696:
  64:Src/wwdg.c    **** 
  65:Src/wwdg.c    **** void HAL_WWDG_MspInit(WWDG_HandleTypeDef* wwdgHandle)
  66:Src/wwdg.c    **** {
 107              		.loc 1 66 1 is_stmt 1 view -0
 108              		.cfi_startproc
 109              		@ args = 0, pretend = 0, frame = 8
 110              		@ frame_needed = 0, uses_anonymous_args = 0
 111              		@ link register save eliminated.
  67:Src/wwdg.c    **** 
  68:Src/wwdg.c    ****   if(wwdgHandle->Instance==WWDG)
 112              		.loc 1 68 3 view .LVU21
 113              		.loc 1 68 5 is_stmt 0 view .LVU22
 114 0000 0268     		ldr	r2, [r0]
 115 0002 094B     		ldr	r3, .L15
 116 0004 9A42     		cmp	r2, r3
 117 0006 00D0     		beq	.L14
 118 0008 7047     		bx	lr
 119              	.L14:
  69:Src/wwdg.c    ****   {
  70:Src/wwdg.c    ****   /* USER CODE BEGIN WWDG_MspInit 0 */
  71:Src/wwdg.c    **** 
  72:Src/wwdg.c    ****   /* USER CODE END WWDG_MspInit 0 */
  73:Src/wwdg.c    ****     /* WWDG clock enable */
  74:Src/wwdg.c    ****     __HAL_RCC_WWDG_CLK_ENABLE();
 120              		.loc 1 74 5 is_stmt 1 view .LVU23
 121              	.LBB2:
 122              		.loc 1 74 5 view .LVU24
 123              		.loc 1 74 5 view .LVU25
 124 000a 03F5F233 		add	r3, r3, #123904
 125              	.LBE2:
  66:Src/wwdg.c    **** 
 126              		.loc 1 66 1 is_stmt 0 view .LVU26
 127 000e 82B0     		sub	sp, sp, #8
 128              	.LCFI2:
 129              		.cfi_def_cfa_offset 8
 130              	.LBB3:
 131              		.loc 1 74 5 view .LVU27
 132 0010 DA69     		ldr	r2, [r3, #28]
 133 0012 42F40062 		orr	r2, r2, #2048
 134 0016 DA61     		str	r2, [r3, #28]
 135              		.loc 1 74 5 is_stmt 1 view .LVU28
 136 0018 DB69     		ldr	r3, [r3, #28]
 137 001a 03F40063 		and	r3, r3, #2048
 138 001e 0193     		str	r3, [sp, #4]
 139              		.loc 1 74 5 view .LVU29
 140 0020 019B     		ldr	r3, [sp, #4]
 141              	.LBE3:
  75:Src/wwdg.c    ****   /* USER CODE BEGIN WWDG_MspInit 1 */
  76:Src/wwdg.c    **** 
  77:Src/wwdg.c    ****   /* USER CODE END WWDG_MspInit 1 */
  78:Src/wwdg.c    ****   }
  79:Src/wwdg.c    **** }
 142              		.loc 1 79 1 is_stmt 0 view .LVU30
 143 0022 02B0     		add	sp, sp, #8
 144              	.LCFI3:
 145              		.cfi_def_cfa_offset 0
ARM GAS  /tmp/cckcFy5j.s 			page 5


 146              		@ sp needed
 147 0024 7047     		bx	lr
 148              	.L16:
 149 0026 00BF     		.align	2
 150              	.L15:
 151 0028 002C0040 		.word	1073753088
 152              		.cfi_endproc
 153              	.LFE696:
 155              		.comm	hwwdg,20,4
 156              		.section	.rodata.MX_WWDG_Init.str1.4,"aMS",%progbits,1
 157              		.align	2
 158              	.LC0:
 159 0000 5372632F 		.ascii	"Src/wwdg.c\000"
 159      77776467 
 159      2E6300
 160              		.text
 161              	.Letext0:
 162              		.file 2 "/usr/arm-none-eabi/include/machine/_default_types.h"
 163              		.file 3 "/usr/arm-none-eabi/include/sys/_stdint.h"
 164              		.file 4 "Drivers/CMSIS/Include/core_cm4.h"
 165              		.file 5 "Drivers/CMSIS/Device/ST/STM32F3xx/Include/system_stm32f3xx.h"
 166              		.file 6 "Drivers/CMSIS/Device/ST/STM32F3xx/Include/stm32f303x8.h"
 167              		.file 7 "/usr/arm-none-eabi/include/sys/lock.h"
 168              		.file 8 "/usr/arm-none-eabi/include/sys/_types.h"
 169              		.file 9 "/usr/lib/gcc/arm-none-eabi/8.2.0/include/stddef.h"
 170              		.file 10 "/usr/arm-none-eabi/include/sys/reent.h"
 171              		.file 11 "Drivers/STM32F3xx_HAL_Driver/Inc/stm32f3xx_hal_wwdg.h"
 172              		.file 12 "Inc/wwdg.h"
 173              		.file 13 "Drivers/STM32F3xx_HAL_Driver/Inc/stm32f3xx_ll_dma.h"
 174              		.file 14 "Drivers/STM32F3xx_HAL_Driver/Inc/stm32f3xx_hal_def.h"
ARM GAS  /tmp/cckcFy5j.s 			page 6


DEFINED SYMBOLS
                            *ABS*:0000000000000000 wwdg.c
     /tmp/cckcFy5j.s:18     .text.MX_WWDG_Init:0000000000000000 $t
     /tmp/cckcFy5j.s:27     .text.MX_WWDG_Init:0000000000000000 MX_WWDG_Init
     /tmp/cckcFy5j.s:89     .text.MX_WWDG_Init:0000000000000034 $d
                            *COM*:0000000000000014 hwwdg
     /tmp/cckcFy5j.s:96     .text.HAL_WWDG_MspInit:0000000000000000 $t
     /tmp/cckcFy5j.s:104    .text.HAL_WWDG_MspInit:0000000000000000 HAL_WWDG_MspInit
     /tmp/cckcFy5j.s:151    .text.HAL_WWDG_MspInit:0000000000000028 $d
     /tmp/cckcFy5j.s:157    .rodata.MX_WWDG_Init.str1.4:0000000000000000 $d

UNDEFINED SYMBOLS
HAL_WWDG_Init
_Error_Handler
